[  0%] Built target topic_tools_generate_messages_eus
[  0%] Built target topic_tools_generate_messages_py
[  0%] Built target tf_generate_messages_lisp
[  0%] Built target std_srvs_generate_messages_py
[  0%] Built target actionlib_generate_messages_cpp
[  0%] Built target topic_tools_generate_messages_cpp
[  0%] Built target tf_generate_messages_eus
[  0%] Built target tf_generate_messages_cpp
[  0%] Built target topic_tools_generate_messages_lisp
[  0%] Built target tf_generate_messages_nodejs
[  0%] Built target topic_tools_generate_messages_nodejs
[  0%] Built target tf2_msgs_generate_messages_eus
[  4%] Built target PID
[  4%] Built target actionlib_generate_messages_lisp
[  4%] Built target tf_generate_messages_py
[  4%] Built target actionlib_generate_messages_eus
[  4%] Built target rcv_common_msgs_generate_messages_eus
[  4%] Built target visualization_msgs_generate_messages_nodejs
[  4%] Built target tf2_msgs_generate_messages_py
[  4%] Built target actionlib_generate_messages_nodejs
[  4%] Built target actionlib_generate_messages_py
[  4%] Built target tf2_msgs_generate_messages_cpp
[  4%] Built target visualization_msgs_generate_messages_py
[  4%] Built target tf2_msgs_generate_messages_nodejs
[  4%] Built target rcv_common_msgs_generate_messages_lisp
[  4%] Built target visualization_msgs_generate_messages_eus
[  4%] Built target tf2_msgs_generate_messages_lisp
[  4%] Built target rcv_common_msgs_generate_messages_cpp
[  4%] Built target visualization_msgs_generate_messages_lisp
[  4%] Built target visualization_msgs_generate_messages_cpp
[  8%] Built target vectorMap
[  8%] Built target costmap_2d_generate_messages_eus
[  8%] Built target costmap_2d_generate_messages_py
[ 12%] Built target experimentRecording
[ 12%] Built target costmap_2d_generate_messages_nodejs
[ 12%] Built target rcv_common_msgs_generate_messages_py
[ 12%] Built target dynamic_reconfigure_generate_messages_lisp
[ 12%] Built target dynamic_reconfigure_generate_messages_py
[ 12%] Built target costmap_2d_generate_messages_lisp
[ 12%] Built target costmap_2d_generate_messages_cpp
[ 12%] Built target dynamic_reconfigure_generate_messages_cpp
[ 12%] Built target rcv_common_msgs_generate_messages_nodejs
[ 12%] Built target map_msgs_generate_messages_lisp
[ 12%] Built target dynamic_reconfigure_generate_messages_eus
[ 12%] Built target dynamic_reconfigure_generate_messages_nodejs
[ 12%] Built target dynamic_reconfigure_gencfg
[ 12%] Built target costmap_2d_gencfg
[ 12%] Built target map_msgs_generate_messages_py
[ 12%] Built target map_msgs_generate_messages_cpp
[ 12%] Built target map_msgs_generate_messages_nodejs
[ 12%] Built target nodelet_generate_messages_nodejs
[ 12%] Built target nodelet_generate_messages_py
[ 12%] Built target map_msgs_generate_messages_eus
[ 12%] Built target nodelet_generate_messages_lisp
[ 12%] Built target nodelet_generate_messages_eus
[ 12%] Built target nodelet_generate_messages_cpp
[ 12%] Built target pcl_ros_gencfg
[ 12%] Built target bond_generate_messages_cpp
[ 12%] Built target bond_generate_messages_eus
[ 12%] Built target bond_generate_messages_py
[ 12%] Built target bond_generate_messages_lisp
[ 12%] Built target bond_generate_messages_nodejs
[ 12%] Built target nodelet_topic_tools_gencfg
[ 12%] Built target pcl_msgs_generate_messages_eus
[ 12%] Built target pcl_msgs_generate_messages_cpp
[ 12%] Built target pcl_msgs_generate_messages_nodejs
[ 12%] Built target base_local_planner_generate_messages_eus
[ 12%] Built target base_local_planner_generate_messages_cpp
[ 12%] Built target pcl_msgs_generate_messages_lisp
[ 12%] Built target pcl_msgs_generate_messages_py
[ 12%] Built target base_local_planner_generate_messages_nodejs
[ 12%] Built target autoware_msgs_generate_messages_eus
[ 12%] Built target autoware_msgs_generate_messages_lisp
[ 12%] Built target base_local_planner_generate_messages_lisp
[ 12%] Built target autoware_msgs_generate_messages_py
[ 12%] Built target autoware_msgs_generate_messages_cpp
[ 12%] Built target base_local_planner_generate_messages_py
[ 12%] Built target jsk_recognition_msgs_generate_messages_eus
[ 12%] Built target jsk_recognition_msgs_generate_messages_py
[ 12%] Built target jsk_recognition_msgs_generate_messages_lisp
[ 12%] Built target base_local_planner_gencfg
[ 12%] Built target jsk_recognition_msgs_generate_messages_cpp
[ 12%] Built target jsk_footstep_msgs_generate_messages_eus
[ 12%] Built target jsk_footstep_msgs_generate_messages_cpp
[ 12%] Built target autoware_msgs_generate_messages_nodejs
[ 12%] Built target vector_map_msgs_generate_messages_lisp
[ 12%] Built target jsk_footstep_msgs_generate_messages_lisp
[ 12%] Built target jsk_footstep_msgs_generate_messages_py
[ 12%] Built target jsk_footstep_msgs_generate_messages_nodejs
[ 12%] Built target vector_map_msgs_generate_messages_py
[ 12%] Built target jsk_recognition_msgs_generate_messages_nodejs
[ 12%] Built target vector_map_msgs_generate_messages_nodejs
[ 12%] Built target vector_map_msgs_generate_messages_eus
[ 12%] Built target vector_map_msgs_generate_messages_cpp
[ 12%] Built target vector_map_server_generate_messages_cpp
[ 12%] Built target vector_map_server_generate_messages_eus
[ 12%] Built target vector_map_server_generate_messages_lisp
[ 12%] Built target vector_map_server_generate_messages_nodejs
[ 12%] Built target autoware_config_msgs_generate_messages_cpp
[ 12%] Built target vector_map_server_generate_messages_py
[ 12%] Built target autoware_config_msgs_generate_messages_py
[ 12%] Built target autoware_config_msgs_generate_messages_eus
[ 12%] Built target autoware_config_msgs_generate_messages_lisp
[ 12%] Built target autoware_system_msgs_generate_messages_py
[ 12%] Built target tablet_socket_msgs_generate_messages_py
[ 12%] Built target tablet_socket_msgs_generate_messages_nodejs
[ 12%] Built target trajectory_msgs_generate_messages_cpp
[ 12%] Built target autoware_system_msgs_generate_messages_nodejs
[ 12%] Built target tablet_socket_msgs_generate_messages_eus
[ 12%] Built target roscpp_generate_messages_cpp
[ 12%] Built target trajectory_msgs_generate_messages_nodejs
[ 12%] Built target gazebo_msgs_generate_messages_eus
[ 12%] Built target trajectory_msgs_generate_messages_lisp
[ 12%] Built target autoware_config_msgs_generate_messages_nodejs
[ 12%] Built target gazebo_msgs_generate_messages_lisp
[ 12%] Built target tablet_socket_msgs_generate_messages_lisp
[ 12%] Built target autoware_system_msgs_generate_messages_cpp
[ 12%] Built target trajectory_msgs_generate_messages_py
[ 12%] Built target autoware_system_msgs_generate_messages_lisp
[ 12%] Built target tablet_socket_msgs_generate_messages_cpp
[ 12%] Built target autoware_system_msgs_generate_messages_eus
[ 12%] Built target gazebo_msgs_generate_messages_py
[ 12%] Built target gazebo_msgs_generate_messages_cpp
[ 12%] Built target gazebo_msgs_generate_messages_nodejs
[ 12%] Built target trajectory_msgs_generate_messages_eus
[ 12%] Built target roscpp_generate_messages_eus
[ 12%] Built target roscpp_generate_messages_lisp
[ 12%] Built target roscpp_generate_messages_nodejs
[ 12%] Built target rosgraph_msgs_generate_messages_cpp
[ 12%] Built target roscpp_generate_messages_py
[ 12%] Built target rosgraph_msgs_generate_messages_py
[ 12%] Built target rosgraph_msgs_generate_messages_nodejs
[ 12%] Built target grid_map_msgs_generate_messages_cpp
[ 12%] Built target std_msgs_generate_messages_eus
[ 12%] Built target grid_map_msgs_generate_messages_eus
[ 12%] Built target rosgraph_msgs_generate_messages_lisp
[ 12%] Built target std_msgs_generate_messages_py
[ 12%] Built target grid_map_msgs_generate_messages_py
[ 12%] Built target std_msgs_generate_messages_nodejs
[ 12%] Built target rosgraph_msgs_generate_messages_eus
[ 12%] Built target std_msgs_generate_messages_cpp
[ 12%] Built target grid_map_msgs_generate_messages_lisp
[ 12%] Built target std_msgs_generate_messages_lisp
[ 12%] Built target geometry_msgs_generate_messages_py
[ 12%] Built target geometry_msgs_generate_messages_eus
[ 12%] Built target sensor_msgs_generate_messages_py
[ 12%] Built target sensor_msgs_generate_messages_eus
[ 12%] Built target geometry_msgs_generate_messages_lisp
[ 12%] Built target grid_map_msgs_generate_messages_nodejs
[ 12%] Built target sensor_msgs_generate_messages_lisp
[ 12%] Built target geometry_msgs_generate_messages_nodejs
[ 12%] Built target nav_msgs_generate_messages_cpp
[ 12%] Built target sensor_msgs_generate_messages_cpp
[ 12%] Built target nav_msgs_generate_messages_lisp
[ 12%] Built target sensor_msgs_generate_messages_nodejs
[ 12%] Built target nav_msgs_generate_messages_py
[ 12%] Built target geometry_msgs_generate_messages_cpp
[ 12%] Built target nav_msgs_generate_messages_eus
[ 12%] Built target nav_msgs_generate_messages_nodejs
[ 12%] Built target actionlib_msgs_generate_messages_cpp
[ 12%] Built target actionlib_msgs_generate_messages_eus
[ 12%] Built target actionlib_msgs_generate_messages_nodejs
[ 12%] Built target actionlib_msgs_generate_messages_py
[ 12%] Built target actionlib_msgs_generate_messages_lisp
[ 12%] Built target std_srvs_generate_messages_eus
[ 12%] Built target std_srvs_generate_messages_lisp
[ 12%] Built target std_srvs_generate_messages_nodejs
[ 12%] Built target std_srvs_generate_messages_cpp
[ 16%] Built target FloatToString
[ 20%] Built target flattening
[ 24%] Built target radar_broadcaster
[ 28%] Built target GridMapCreator
[ 42%] Built target SafetyFaultMonitors
[ 46%] Built target lidarRadarFuse
[ 51%] Built target laneMapImager
[ 55%] Built target goalSequencer
[ 59%] Built target objectsFrameAdapter
[ 63%] Built target ExperimentC
[ 67%] Built target cameraObjectListFuse
[ 71%] Built target safetyChannelPerception
[ 75%] Built target collisionDetector
[ 79%] Built target controlSwitch
[ 83%] Built target vehicle_controller
[ 87%] Built target goalViewer
[ 91%] Built target sensorMonitor
[ 95%] Built target TestFault
[100%] Built target safetySupervisor
Built target tests
-- Install configuration: "Release"
-- Up-to-date: /home/adeye/adeye-core/install/adeye/lib/pkgconfig/adeye.pc
-- Up-to-date: /home/adeye/adeye-core/install/adeye/share/adeye/cmake/adeyeConfig.cmake
-- Up-to-date: /home/adeye/adeye-core/install/adeye/share/adeye/cmake/adeyeConfig-version.cmake
-- Up-to-date: /home/adeye/adeye-core/install/adeye/share/adeye/package.xml
-- Up-to-date: /home/adeye/adeye-core/install/adeye/lib/adeye/GridMapCreator
-- Up-to-date: /home/adeye/adeye-core/install/adeye/lib/adeye/flattening
-- Up-to-date: /home/adeye/adeye-core/install/adeye/lib/adeye/controlSwitch
-- Up-to-date: /home/adeye/adeye-core/install/adeye/lib/adeye/safetySupervisor
-- Up-to-date: /home/adeye/adeye-core/install/adeye/lib/adeye/collisionDetector
-- Up-to-date: /home/adeye/adeye-core/install/adeye/lib/adeye/radar_broadcaster
-- Up-to-date: /home/adeye/adeye-core/install/adeye/lib/adeye/objectsFrameAdapter
-- Up-to-date: /home/adeye/adeye-core/install/adeye/lib/adeye/cameraObjectListFuse
-- Up-to-date: /home/adeye/adeye-core/install/adeye/lib/adeye/lidarRadarFuse
-- Up-to-date: /home/adeye/adeye-core/install/adeye/lib/adeye/safetyChannelPerception
-- Up-to-date: /home/adeye/adeye-core/install/adeye/lib/adeye/ExperimentC
-- Up-to-date: /home/adeye/adeye-core/install/adeye/lib/adeye/camera_broadcaster.py
-- Up-to-date: /home/adeye/adeye-core/install/adeye/lib/adeye/zed_driver.py
