-- The C compiler identification is GNU 5.4.0
-- The CXX compiler identification is GNU 5.4.0
-- Detecting C compiler ABI info
-- Detecting C compiler ABI info - done
-- Check for working C compiler: /usr/bin/cc - skipped
-- Detecting C compile features
-- Detecting C compile features - done
-- Detecting CXX compiler ABI info
-- Detecting CXX compiler ABI info - done
-- Check for working CXX compiler: /usr/bin/c++ - skipped
-- Detecting CXX compile features
-- Detecting CXX compile features - done
-- Using CATKIN_DEVEL_PREFIX: /home/adeye/adeye-core/build/adeye_utils/devel
-- Using CMAKE_PREFIX_PATH: /home/adeye/AD-EYE_Core/autoware.ai/install/lattice_planner;/home/adeye/AD-EYE_Core/autoware.ai/install/waypoint_planner;/home/adeye/AD-EYE_Core/autoware.ai/install/waypoint_maker;/home/adeye/AD-EYE_Core/autoware.ai/install/way_planner;/home/adeye/AD-EYE_Core/autoware.ai/install/op_utilities;/home/adeye/AD-EYE_Core/autoware.ai/install/op_simulation_package;/home/adeye/AD-EYE_Core/autoware.ai/install/op_local_planner;/home/adeye/AD-EYE_Core/autoware.ai/install/op_global_planner;/home/adeye/AD-EYE_Core/autoware.ai/install/lidar_kf_contour_track;/home/adeye/AD-EYE_Core/autoware.ai/install/op_ros_helpers;/home/adeye/AD-EYE_Core/autoware.ai/install/lane_planner;/home/adeye/AD-EYE_Core/autoware.ai/install/ff_waypoint_follower;/home/adeye/AD-EYE_Core/autoware.ai/install/dp_planner;/home/adeye/AD-EYE_Core/autoware.ai/install/waypoint_follower;/home/adeye/AD-EYE_Core/autoware.ai/install/vision_ssd_detect;/home/adeye/AD-EYE_Core/autoware.ai/install/vision_segment_enet_detect;/home/adeye/AD-EYE_Core/autoware.ai/install/vision_lane_detect;/home/adeye/AD-EYE_Core/autoware.ai/install/vision_darknet_detect;/home/adeye/AD-EYE_Core/autoware.ai/install/vision_beyond_track;/home/adeye/AD-EYE_Core/autoware.ai/install/vehicle_socket;/home/adeye/AD-EYE_Core/autoware.ai/install/vehicle_model;/home/adeye/AD-EYE_Core/autoware.ai/install/vehicle_engage_panel;/home/adeye/AD-EYE_Core/autoware.ai/install/vehicle_description;/home/adeye/AD-EYE_Core/autoware.ai/install/trafficlight_recognizer;/home/adeye/AD-EYE_Core/autoware.ai/install/op_simu;/home/adeye/AD-EYE_Core/autoware.ai/install/op_planner;/home/adeye/AD-EYE_Core/autoware.ai/install/op_utility;/home/adeye/AD-EYE_Core/autoware.ai/install/lidar_euclidean_cluster_detect;/home/adeye/AD-EYE_Core/autoware.ai/install/vector_map_server;/home/adeye/AD-EYE_Core/autoware.ai/install/road_occupancy_processor;/home/adeye/AD-EYE_Core/autoware.ai/install/costmap_generator;/home/adeye/AD-EYE_Core/autoware.ai/install/object_map;/home/adeye/AD-EYE_Core/autoware.ai/install/naive_motion_predict;/home/adeye/AD-EYE_Core/autoware.ai/install/map_file;/home/adeye/AD-EYE_Core/autoware.ai/install/libvectormap;/home/adeye/AD-EYE_Core/autoware.ai/install/imm_ukf_pda_track;/home/adeye/AD-EYE_Core/autoware.ai/install/decision_maker;/home/adeye/AD-EYE_Core/autoware.ai/install/vector_map;/home/adeye/AD-EYE_Core/autoware.ai/install/vector_map_msgs;/home/adeye/AD-EYE_Core/autoware.ai/install/udon_socket;/home/adeye/AD-EYE_Core/autoware.ai/install/twist_generator;/home/adeye/AD-EYE_Core/autoware.ai/install/twist2odom;/home/adeye/AD-EYE_Core/autoware.ai/install/tablet_socket;/home/adeye/AD-EYE_Core/autoware.ai/install/runtime_manager;/home/adeye/AD-EYE_Core/autoware.ai/install/mqtt_socket;/home/adeye/AD-EYE_Core/autoware.ai/install/tablet_socket_msgs;/home/adeye/AD-EYE_Core/autoware.ai/install/state_machine_lib;/home/adeye/AD-EYE_Core/autoware.ai/install/sound_player;/home/adeye/AD-EYE_Core/autoware.ai/install/points2image;/home/adeye/AD-EYE_Core/autoware.ai/install/rosinterface;/home/adeye/AD-EYE_Core/autoware.ai/install/rosbag_controller;/home/adeye/AD-EYE_Core/autoware.ai/install/roi_object_filter;/home/adeye/AD-EYE_Core/autoware.ai/install/range_vision_fusion;/home/adeye/AD-EYE_Core/autoware.ai/install/pos_db;/home/adeye/AD-EYE_Core/autoware.ai/install/points_preprocessor;/home/adeye/AD-EYE_Core/autoware.ai/install/points_downsampler;/home/adeye/AD-EYE_Core/autoware.ai/install/pixel_cloud_fusion;/home/adeye/AD-EYE_Core/autoware.ai/install/lidar_localizer;/home/adeye/AD-EYE_Core/autoware.ai/install/pcl_omp_registration;/home/adeye/AD-EYE_Core/autoware.ai/install/pc2_downsampler;/home/adeye/AD-EYE_Core/autoware.ai/install/oculus_socket;/home/adeye/AD-EYE_Core/autoware.ai/install/obj_db;/home/adeye/AD-EYE_Core/autoware.ai/install/ndt_tku;/home/adeye/AD-EYE_Core/autoware.ai/install/ndt_gpu;/home/adeye/AD-EYE_Core/autoware.ai/install/ndt_cpu;/home/adeye/AD-EYE_Core/autoware.ai/install/multi_lidar_calibrator;/home/adeye/AD-EYE_Core/autoware.ai/install/marker_downsampler;/home/adeye/AD-EYE_Core/autoware.ai/install/map_tools;/home/adeye/AD-EYE_Core/autoware.ai/install/map_tf_generator;/home/adeye/AD-EYE_Core/autoware.ai/install/log_tools;/home/adeye/AD-EYE_Core/autoware.ai/install/lidar_shape_estimation;/home/adeye/AD-EYE_Core/autoware.ai/install/lidar_point_pillars;/home/adeye/AD-EYE_Core/autoware.ai/install/lidar_naive_l_shape_detect;/home/adeye/AD-EYE_Core/autoware.ai/install/lidar_fake_perception;/home/adeye/AD-EYE_Core/autoware.ai/install/lidar_apollo_cnn_seg_detect;/home/adeye/AD-EYE_Core/autoware.ai/install/kitti_launch;/home/adeye/AD-EYE_Core/autoware.ai/install/kitti_player;/home/adeye/AD-EYE_Core/autoware.ai/install/kitti_box_publisher;/home/adeye/AD-EYE_Core/autoware.ai/install/integrated_viewer;/home/adeye/AD-EYE_Core/autoware.ai/install/image_processor;/home/adeye/AD-EYE_Core/autoware.ai/install/graph_tools;/home/adeye/AD-EYE_Core/autoware.ai/install/gnss_localizer;/home/adeye/AD-EYE_Core/autoware.ai/install/gnss;/home/adeye/AD-EYE_Core/autoware.ai/install/glviewer;/home/adeye/AD-EYE_Core/autoware.ai/install/freespace_planner;/home/adeye/AD-EYE_Core/autoware.ai/install/fastvirtualscan;/home/adeye/AD-EYE_Core/autoware.ai/install/ekf_localizer;/home/adeye/AD-EYE_Core/autoware.ai/install/detected_objects_visualizer;/home/adeye/AD-EYE_Core/autoware.ai/install/decision_maker_panel;/home/adeye/AD-EYE_Core/autoware.ai/install/data_preprocessor;/home/adeye/AD-EYE_Core/autoware.ai/install/calibration_publisher;/home/adeye/AD-EYE_Core/autoware.ai/install/autoware_health_checker;/home/adeye/AD-EYE_Core/autoware.ai/install/autoware_system_msgs;/home/adeye/AD-EYE_Core/autoware.ai/install/autoware_rviz_plugins;/home/adeye/AD-EYE_Core/autoware.ai/install/autoware_connector;/home/adeye/AD-EYE_Core/autoware.ai/install/autoware_camera_lidar_calibrator;/home/adeye/AD-EYE_Core/autoware.ai/install/astar_search;/home/adeye/AD-EYE_Core/autoware.ai/install/amathutils_lib;/home/adeye/AD-EYE_Core/autoware.ai/install/autoware_msgs;/home/adeye/AD-EYE_Core/autoware.ai/install/autoware_map_msgs;/home/adeye/AD-EYE_Core/autoware.ai/install/autoware_launcher_rviz;/home/adeye/AD-EYE_Core/autoware.ai/install/autoware_launcher;/home/adeye/AD-EYE_Core/autoware.ai/install/autoware_lanelet2_msgs;/home/adeye/AD-EYE_Core/autoware.ai/install/autoware_external_msgs;/home/adeye/AD-EYE_Core/autoware.ai/install/autoware_config_msgs;/home/adeye/AD-EYE_Core/autoware.ai/install/autoware_can_msgs;/home/adeye/AD-EYE_Core/autoware.ai/install/autoware_build_flags;/home/adeye/AD-EYE_Core/autoware.ai/install/autoware_bag_tools;/home/adeye/AD-EYE_Core/AD-EYE/ROS_Packages/devel;/opt/ros/kinetic
-- This workspace overlays: /home/adeye/AD-EYE_Core/autoware.ai/install/lattice_planner;/home/adeye/AD-EYE_Core/autoware.ai/install/waypoint_planner;/home/adeye/AD-EYE_Core/autoware.ai/install/waypoint_maker;/home/adeye/AD-EYE_Core/autoware.ai/install/way_planner;/home/adeye/AD-EYE_Core/autoware.ai/install/op_utilities;/home/adeye/AD-EYE_Core/autoware.ai/install/op_simulation_package;/home/adeye/AD-EYE_Core/autoware.ai/install/op_local_planner;/home/adeye/AD-EYE_Core/autoware.ai/install/op_global_planner;/home/adeye/AD-EYE_Core/autoware.ai/install/lidar_kf_contour_track;/home/adeye/AD-EYE_Core/autoware.ai/install/op_ros_helpers;/home/adeye/AD-EYE_Core/autoware.ai/install/lane_planner;/home/adeye/AD-EYE_Core/autoware.ai/install/ff_waypoint_follower;/home/adeye/AD-EYE_Core/autoware.ai/install/dp_planner;/home/adeye/AD-EYE_Core/autoware.ai/install/waypoint_follower;/home/adeye/AD-EYE_Core/autoware.ai/install/vision_ssd_detect;/home/adeye/AD-EYE_Core/autoware.ai/install/vision_segment_enet_detect;/home/adeye/AD-EYE_Core/autoware.ai/install/vision_lane_detect;/home/adeye/AD-EYE_Core/autoware.ai/install/vision_darknet_detect;/home/adeye/AD-EYE_Core/autoware.ai/install/vision_beyond_track;/home/adeye/AD-EYE_Core/autoware.ai/install/vehicle_socket;/home/adeye/AD-EYE_Core/autoware.ai/install/vehicle_model;/home/adeye/AD-EYE_Core/autoware.ai/install/vehicle_engage_panel;/home/adeye/AD-EYE_Core/autoware.ai/install/vehicle_description;/home/adeye/AD-EYE_Core/autoware.ai/install/trafficlight_recognizer;/home/adeye/AD-EYE_Core/autoware.ai/install/op_simu;/home/adeye/AD-EYE_Core/autoware.ai/install/op_planner;/home/adeye/AD-EYE_Core/autoware.ai/install/op_utility;/home/adeye/AD-EYE_Core/autoware.ai/install/lidar_euclidean_cluster_detect;/home/adeye/AD-EYE_Core/autoware.ai/install/vector_map_server;/home/adeye/AD-EYE_Core/autoware.ai/install/road_occupancy_processor;/home/adeye/AD-EYE_Core/autoware.ai/install/costmap_generator;/home/adeye/AD-EYE_Core/autoware.ai/install/object_map;/home/adeye/AD-EYE_Core/autoware.ai/install/naive_motion_predict;/home/adeye/AD-EYE_Core/autoware.ai/install/map_file;/home/adeye/AD-EYE_Core/autoware.ai/install/libvectormap;/home/adeye/AD-EYE_Core/autoware.ai/install/imm_ukf_pda_track;/home/adeye/AD-EYE_Core/autoware.ai/install/decision_maker;/home/adeye/AD-EYE_Core/autoware.ai/install/vector_map;/home/adeye/AD-EYE_Core/autoware.ai/install/vector_map_msgs;/home/adeye/AD-EYE_Core/autoware.ai/install/udon_socket;/home/adeye/AD-EYE_Core/autoware.ai/install/twist_generator;/home/adeye/AD-EYE_Core/autoware.ai/install/twist2odom;/home/adeye/AD-EYE_Core/autoware.ai/install/tablet_socket;/home/adeye/AD-EYE_Core/autoware.ai/install/runtime_manager;/home/adeye/AD-EYE_Core/autoware.ai/install/mqtt_socket;/home/adeye/AD-EYE_Core/autoware.ai/install/tablet_socket_msgs;/home/adeye/AD-EYE_Core/autoware.ai/install/state_machine_lib;/home/adeye/AD-EYE_Core/autoware.ai/install/sound_player;/home/adeye/AD-EYE_Core/autoware.ai/install/points2image;/home/adeye/AD-EYE_Core/autoware.ai/install/rosinterface;/home/adeye/AD-EYE_Core/autoware.ai/install/rosbag_controller;/home/adeye/AD-EYE_Core/autoware.ai/install/roi_object_filter;/home/adeye/AD-EYE_Core/autoware.ai/install/range_vision_fusion;/home/adeye/AD-EYE_Core/autoware.ai/install/pos_db;/home/adeye/AD-EYE_Core/autoware.ai/install/points_preprocessor;/home/adeye/AD-EYE_Core/autoware.ai/install/points_downsampler;/home/adeye/AD-EYE_Core/autoware.ai/install/pixel_cloud_fusion;/home/adeye/AD-EYE_Core/autoware.ai/install/lidar_localizer;/home/adeye/AD-EYE_Core/autoware.ai/install/pcl_omp_registration;/home/adeye/AD-EYE_Core/autoware.ai/install/pc2_downsampler;/home/adeye/AD-EYE_Core/autoware.ai/install/oculus_socket;/home/adeye/AD-EYE_Core/autoware.ai/install/obj_db;/home/adeye/AD-EYE_Core/autoware.ai/install/ndt_tku;/home/adeye/AD-EYE_Core/autoware.ai/install/ndt_gpu;/home/adeye/AD-EYE_Core/autoware.ai/install/ndt_cpu;/home/adeye/AD-EYE_Core/autoware.ai/install/multi_lidar_calibrator;/home/adeye/AD-EYE_Core/autoware.ai/install/marker_downsampler;/home/adeye/AD-EYE_Core/autoware.ai/install/map_tools;/home/adeye/AD-EYE_Core/autoware.ai/install/map_tf_generator;/home/adeye/AD-EYE_Core/autoware.ai/install/log_tools;/home/adeye/AD-EYE_Core/autoware.ai/install/lidar_shape_estimation;/home/adeye/AD-EYE_Core/autoware.ai/install/lidar_point_pillars;/home/adeye/AD-EYE_Core/autoware.ai/install/lidar_naive_l_shape_detect;/home/adeye/AD-EYE_Core/autoware.ai/install/lidar_fake_perception;/home/adeye/AD-EYE_Core/autoware.ai/install/lidar_apollo_cnn_seg_detect;/home/adeye/AD-EYE_Core/autoware.ai/install/kitti_launch;/home/adeye/AD-EYE_Core/autoware.ai/install/kitti_player;/home/adeye/AD-EYE_Core/autoware.ai/install/kitti_box_publisher;/home/adeye/AD-EYE_Core/autoware.ai/install/integrated_viewer;/home/adeye/AD-EYE_Core/autoware.ai/install/image_processor;/home/adeye/AD-EYE_Core/autoware.ai/install/graph_tools;/home/adeye/AD-EYE_Core/autoware.ai/install/gnss_localizer;/home/adeye/AD-EYE_Core/autoware.ai/install/gnss;/home/adeye/AD-EYE_Core/autoware.ai/install/glviewer;/home/adeye/AD-EYE_Core/autoware.ai/install/freespace_planner;/home/adeye/AD-EYE_Core/autoware.ai/install/fastvirtualscan;/home/adeye/AD-EYE_Core/autoware.ai/install/ekf_localizer;/home/adeye/AD-EYE_Core/autoware.ai/install/detected_objects_visualizer;/home/adeye/AD-EYE_Core/autoware.ai/install/decision_maker_panel;/home/adeye/AD-EYE_Core/autoware.ai/install/data_preprocessor;/home/adeye/AD-EYE_Core/autoware.ai/install/calibration_publisher;/home/adeye/AD-EYE_Core/autoware.ai/install/autoware_health_checker;/home/adeye/AD-EYE_Core/autoware.ai/install/autoware_system_msgs;/home/adeye/AD-EYE_Core/autoware.ai/install/autoware_rviz_plugins;/home/adeye/AD-EYE_Core/autoware.ai/install/autoware_connector;/home/adeye/AD-EYE_Core/autoware.ai/install/autoware_camera_lidar_calibrator;/home/adeye/AD-EYE_Core/autoware.ai/install/astar_search;/home/adeye/AD-EYE_Core/autoware.ai/install/amathutils_lib;/home/adeye/AD-EYE_Core/autoware.ai/install/autoware_msgs;/home/adeye/AD-EYE_Core/autoware.ai/install/autoware_map_msgs;/home/adeye/AD-EYE_Core/autoware.ai/install/autoware_launcher_rviz;/home/adeye/AD-EYE_Core/autoware.ai/install/autoware_launcher;/home/adeye/AD-EYE_Core/autoware.ai/install/autoware_lanelet2_msgs;/home/adeye/AD-EYE_Core/autoware.ai/install/autoware_external_msgs;/home/adeye/AD-EYE_Core/autoware.ai/install/autoware_config_msgs;/home/adeye/AD-EYE_Core/autoware.ai/install/autoware_can_msgs;/home/adeye/AD-EYE_Core/autoware.ai/install/autoware_build_flags;/home/adeye/AD-EYE_Core/autoware.ai/install/autoware_bag_tools;/home/adeye/AD-EYE_Core/AD-EYE/ROS_Packages/devel;/opt/ros/kinetic
-- Found PythonInterp: /usr/bin/python2 (found suitable version "2.7.12", minimum required is "2") 
-- Using PYTHON_EXECUTABLE: /usr/bin/python2
-- Using Debian Python package layout
-- Using empy: /usr/bin/empy
-- Using CATKIN_ENABLE_TESTING: ON
-- Call enable_testing()
-- Using CATKIN_TEST_RESULTS_DIR: /home/adeye/adeye-core/build/adeye_utils/test_results
-- Found gtest sources under '/usr/src/gmock': gtests will be built
-- Found gmock sources under '/usr/src/gmock': gmock will be built
-- Found PythonInterp: /usr/bin/python2 (found version "2.7.12") 
-- Performing Test CMAKE_HAVE_LIBC_PTHREAD
-- Performing Test CMAKE_HAVE_LIBC_PTHREAD - Failed
-- Looking for pthread_create in pthreads
-- Looking for pthread_create in pthreads - not found
-- Looking for pthread_create in pthread
-- Looking for pthread_create in pthread - found
-- Found Threads: TRUE  
-- Using Python nosetests: /usr/bin/nosetests-2.7
-- catkin 0.7.29
-- BUILD_SHARED_LIBS is on
-- Using these message generators: gencpp;geneus;genlisp;gennodejs;genpy
-- Configuring done (3.7s)
-- Generating done (0.4s)
-- Build files have been written to: /home/adeye/adeye-core/build/adeye_utils
[  0%] Built target roscpp_generate_messages_py
[  7%] [32mBuilding CXX object CMakeFiles/adeye_utils.dir/src/point_cloud_to_occupancy_grid.cpp.o[0m
[ 15%] [32mBuilding CXX object CMakeFiles/trajectoryVisualizer.dir/src/trajectory_visualizer.cpp.o[0m
[ 15%] Built target roscpp_generate_messages_nodejs
[ 15%] Built target rosgraph_msgs_generate_messages_lisp
[ 15%] Built target rosgraph_msgs_generate_messages_eus
[ 15%] Built target rosgraph_msgs_generate_messages_nodejs
[ 15%] Built target rosgraph_msgs_generate_messages_cpp
[ 15%] Built target nav_msgs_generate_messages_py
[ 15%] Built target rosgraph_msgs_generate_messages_py
[ 15%] Built target tf_generate_messages_py
[ 15%] Built target tf_generate_messages_lisp
[ 15%] Built target std_msgs_generate_messages_cpp
[ 15%] Built target std_msgs_generate_messages_py
[ 15%] Built target std_msgs_generate_messages_eus
[ 15%] Built target tf_generate_messages_eus
[ 15%] Built target std_msgs_generate_messages_lisp
[ 15%] Built target std_msgs_generate_messages_nodejs
[ 15%] Built target tf_generate_messages_nodejs
[ 15%] Built target sensor_msgs_generate_messages_cpp
[ 15%] Built target geometry_msgs_generate_messages_py
[ 15%] Built target sensor_msgs_generate_messages_nodejs
[ 15%] Built target geometry_msgs_generate_messages_cpp
[ 15%] Built target geometry_msgs_generate_messages_lisp
[ 15%] Built target sensor_msgs_generate_messages_py
[ 15%] Built target tf_generate_messages_cpp
[ 15%] Built target sensor_msgs_generate_messages_eus
[ 15%] Built target geometry_msgs_generate_messages_nodejs
[ 15%] Built target actionlib_generate_messages_eus
[ 15%] Built target sensor_msgs_generate_messages_lisp
[ 15%] Built target geometry_msgs_generate_messages_eus
[ 15%] Built target actionlib_generate_messages_cpp
[ 15%] Built target actionlib_generate_messages_lisp
[ 15%] Built target actionlib_msgs_generate_messages_lisp
[ 15%] Built target actionlib_msgs_generate_messages_py
[ 15%] Built target tf2_msgs_generate_messages_cpp
[ 15%] Built target actionlib_generate_messages_nodejs
[ 15%] Built target actionlib_generate_messages_py
[ 15%] Built target actionlib_msgs_generate_messages_eus
[ 15%] Built target tf2_msgs_generate_messages_lisp
[ 15%] Built target tf2_msgs_generate_messages_eus
[ 15%] Built target autoware_msgs_generate_messages_cpp
[ 15%] Built target tf2_msgs_generate_messages_nodejs
[ 15%] Built target autoware_msgs_generate_messages_eus
[ 15%] Built target autoware_msgs_generate_messages_py
[ 15%] Built target actionlib_msgs_generate_messages_nodejs
[ 15%] Built target tf2_msgs_generate_messages_py
[ 15%] Built target jsk_recognition_msgs_generate_messages_py
[ 15%] Built target jsk_recognition_msgs_generate_messages_eus
[ 15%] Built target jsk_recognition_msgs_generate_messages_lisp
[ 15%] Built target pcl_msgs_generate_messages_eus
[ 15%] Built target autoware_msgs_generate_messages_nodejs
[ 15%] Built target autoware_msgs_generate_messages_lisp
[ 15%] Built target jsk_recognition_msgs_generate_messages_nodejs
[ 15%] Built target jsk_footstep_msgs_generate_messages_cpp
[ 15%] Built target actionlib_msgs_generate_messages_cpp
[ 15%] Built target pcl_msgs_generate_messages_cpp
[ 15%] Built target pcl_msgs_generate_messages_lisp
[ 15%] Built target jsk_footstep_msgs_generate_messages_eus
[ 15%] Built target jsk_recognition_msgs_generate_messages_cpp
[ 15%] Built target pcl_msgs_generate_messages_nodejs
[ 15%] Built target pcl_msgs_generate_messages_py
[ 15%] Built target jsk_footstep_msgs_generate_messages_lisp
[ 15%] Built target jsk_footstep_msgs_generate_messages_py
[ 15%] Built target dynamic_reconfigure_generate_messages_cpp
[ 15%] Built target dynamic_reconfigure_generate_messages_py
[ 15%] Built target pcl_ros_gencfg
[ 15%] Built target dynamic_reconfigure_generate_messages_eus
[ 15%] Built target dynamic_reconfigure_generate_messages_nodejs
[ 15%] Built target jsk_footstep_msgs_generate_messages_nodejs
[ 15%] Built target dynamic_reconfigure_generate_messages_lisp
[ 15%] Built target dynamic_reconfigure_gencfg
[ 15%] Built target bond_generate_messages_eus
[ 15%] Built target bond_generate_messages_nodejs
[ 15%] Built target nodelet_generate_messages_py
[ 15%] Built target nodelet_generate_messages_cpp
[ 15%] Built target nodelet_generate_messages_lisp
[ 15%] Built target bond_generate_messages_cpp
[ 15%] Built target nodelet_generate_messages_nodejs
[ 15%] Built target bond_generate_messages_py
[ 15%] Built target nodelet_generate_messages_eus
[ 15%] Built target std_srvs_generate_messages_lisp
[ 15%] Built target bond_generate_messages_lisp
[ 15%] Built target std_srvs_generate_messages_py
[ 15%] Built target roscpp_generate_messages_cpp
[ 15%] Built target std_srvs_generate_messages_cpp
[ 15%] Built target nodelet_topic_tools_gencfg
[ 15%] Built target roscpp_generate_messages_lisp
[ 15%] Built target roscpp_generate_messages_eus
[ 15%] Built target topic_tools_generate_messages_cpp
[ 15%] Built target std_srvs_generate_messages_nodejs
[ 15%] Built target std_srvs_generate_messages_eus
[ 15%] Built target topic_tools_generate_messages_eus
[ 15%] Built target topic_tools_generate_messages_nodejs
[ 15%] Built target topic_tools_generate_messages_lisp
[ 15%] Built target vector_map_server_generate_messages_py
[ 15%] Built target vector_map_msgs_generate_messages_py
[ 15%] Built target topic_tools_generate_messages_py
[ 15%] Built target vector_map_server_generate_messages_cpp
[ 15%] Built target vector_map_msgs_generate_messages_eus
[ 15%] Built target vector_map_msgs_generate_messages_cpp
[ 15%] Built target vector_map_msgs_generate_messages_nodejs
[ 15%] Built target vector_map_server_generate_messages_nodejs
[ 15%] Built target vector_map_server_generate_messages_lisp
[ 15%] Built target vector_map_msgs_generate_messages_lisp
[ 15%] Built target visualization_msgs_generate_messages_lisp
[ 15%] Built target visualization_msgs_generate_messages_nodejs
[ 15%] Built target vector_map_server_generate_messages_eus
[ 15%] Built target autoware_config_msgs_generate_messages_nodejs
[ 15%] Built target visualization_msgs_generate_messages_cpp
[ 15%] Built target visualization_msgs_generate_messages_py
[ 15%] Built target tablet_socket_msgs_generate_messages_cpp
[ 15%] Built target autoware_config_msgs_generate_messages_py
[ 15%] Built target visualization_msgs_generate_messages_eus
[ 15%] Built target autoware_config_msgs_generate_messages_lisp
[ 15%] Built target tablet_socket_msgs_generate_messages_nodejs
[ 15%] Built target tablet_socket_msgs_generate_messages_py
[ 15%] Built target tablet_socket_msgs_generate_messages_eus
[ 15%] Built target autoware_system_msgs_generate_messages_cpp
[ 15%] Built target autoware_config_msgs_generate_messages_cpp
[ 15%] Built target autoware_config_msgs_generate_messages_eus
[ 15%] Built target autoware_system_msgs_generate_messages_eus
[ 15%] Built target tablet_socket_msgs_generate_messages_lisp
[ 15%] Built target autoware_system_msgs_generate_messages_py
[ 15%] Built target grid_map_msgs_generate_messages_lisp
[ 15%] Built target autoware_system_msgs_generate_messages_lisp
[ 15%] Built target gazebo_msgs_generate_messages_nodejs
[ 15%] Built target autoware_system_msgs_generate_messages_nodejs
[ 15%] Built target gazebo_msgs_generate_messages_lisp
[ 15%] Built target trajectory_msgs_generate_messages_nodejs
[ 15%] Built target gazebo_msgs_generate_messages_py
[ 15%] Built target grid_map_msgs_generate_messages_nodejs
[ 15%] Built target trajectory_msgs_generate_messages_lisp
[ 15%] Built target gazebo_msgs_generate_messages_eus
[ 15%] Built target grid_map_msgs_generate_messages_eus
[ 15%] Built target gazebo_msgs_generate_messages_cpp
[ 15%] Built target trajectory_msgs_generate_messages_cpp
[ 15%] Built target grid_map_msgs_generate_messages_cpp
[ 15%] Built target nav_msgs_generate_messages_lisp
[ 15%] Built target nav_msgs_generate_messages_nodejs
[ 15%] Built target trajectory_msgs_generate_messages_py
[ 15%] Built target grid_map_msgs_generate_messages_py
[ 15%] Built target nav_msgs_generate_messages_cpp
[ 15%] Built target trajectory_msgs_generate_messages_eus
[ 15%] Built target nav_msgs_generate_messages_eus
[ 23%] [32mBuilding CXX object CMakeFiles/layerVisualizer.dir/src/layer_visualizer.cpp.o[0m
[ 30%] [32mBuilding CXX object CMakeFiles/pointCloudToOccupancyGrid.dir/src/point_cloud_to_occupancy_grid_wrapper.cpp.o[0m
[ 38%] [32mBuilding CXX object CMakeFiles/pointCloudFrameChanger.dir/src/point_cloud_frame_changer.cpp.o[0m
[ 53%] [32mBuilding CXX object CMakeFiles/pointCloudToOccupancyGrid.dir/src/point_cloud_to_occupancy_grid.cpp.o[0m
[ 53%] [32mBuilding CXX object CMakeFiles/pointCloudAccumulator.dir/src/point_cloud_accumulator.cpp.o[0m
[ 61%] [32m[1mLinking CXX executable devel/lib/adeye_utils/trajectoryVisualizer[0m
[ 69%] [32m[1mLinking CXX executable devel/lib/adeye_utils/layerVisualizer[0m
[ 69%] Built target trajectoryVisualizer
[ 69%] Built target layerVisualizer
[ 76%] [32m[1mLinking CXX executable devel/lib/adeye_utils/pointCloudAccumulator[0m
[ 84%] [32m[1mLinking CXX shared library devel/lib/libadeye_utils.so[0m
[ 84%] Built target pointCloudAccumulator
[ 92%] [32m[1mLinking CXX executable devel/lib/adeye_utils/pointCloudToOccupancyGrid[0m
[ 92%] Built target adeye_utils
[ 92%] Built target pointCloudToOccupancyGrid
[100%] [32m[1mLinking CXX executable devel/lib/adeye_utils/pointCloudFrameChanger[0m
[100%] Built target pointCloudFrameChanger
Built target tests
-- Install configuration: "Release"
-- Installing: /home/adeye/adeye-core/install/adeye_utils/lib/pkgconfig/adeye_utils.pc
-- Installing: /home/adeye/adeye-core/install/adeye_utils/share/adeye_utils/cmake/adeye_utilsConfig.cmake
-- Installing: /home/adeye/adeye-core/install/adeye_utils/share/adeye_utils/cmake/adeye_utilsConfig-version.cmake
-- Installing: /home/adeye/adeye-core/install/adeye_utils/share/adeye_utils/package.xml
-- Installing: /home/adeye/adeye-core/install/adeye_utils/lib/adeye_utils/trajectoryVisualizer
-- Set runtime path of "/home/adeye/adeye-core/install/adeye_utils/lib/adeye_utils/trajectoryVisualizer" to ""
-- Installing: /home/adeye/adeye-core/install/adeye_utils/lib/adeye_utils/pointCloudFrameChanger
-- Set runtime path of "/home/adeye/adeye-core/install/adeye_utils/lib/adeye_utils/pointCloudFrameChanger" to ""
-- Installing: /home/adeye/adeye-core/install/adeye_utils/lib/adeye_utils/pointCloudToOccupancyGrid
-- Set runtime path of "/home/adeye/adeye-core/install/adeye_utils/lib/adeye_utils/pointCloudToOccupancyGrid" to ""
-- Installing: /home/adeye/adeye-core/install/adeye_utils/lib/libadeye_utils.so
-- Set runtime path of "/home/adeye/adeye-core/install/adeye_utils/lib/libadeye_utils.so" to ""
-- Installing: /home/adeye/adeye-core/install/adeye_utils/include/adeye_utils
-- Installing: /home/adeye/adeye-core/install/adeye_utils/include/adeye_utils/point_cloud_to_occupancy_grid.h
