[0.036s] Invoking command in '/home/adeye/adeye-core/build/adeye': CMAKE_PREFIX_PATH=/home/adeye/adeye-core/install/adeye_utils:${CMAKE_PREFIX_PATH} LD_LIBRARY_PATH=/home/adeye/adeye-core/install/adeye_utils/lib:${LD_LIBRARY_PATH} PKG_CONFIG_PATH=/home/adeye/adeye-core/install/adeye_utils/lib/x86_64-linux-gnu/pkgconfig:/home/adeye/adeye-core/install/adeye_utils/lib/pkgconfig:${PKG_CONFIG_PATH} ROS_PACKAGE_PATH=/home/adeye/adeye-core/install/adeye_utils/share:${ROS_PACKAGE_PATH} _OLD_VIRTUAL_PS1=\[\e]0;\u@\h: \w\a\]${debian_chroot:+($debian_chroot)}\[\033[01;32m\]\u@\h\[\033[00m\]:\[\033[01;34m\]\w\[\033[00m\]\$ /usr/local/bin/cmake /home/adeye/adeye-core/AD-EYE/ROS_Packages/src/AD-EYE -DCMAKE_BUILD_TYPE=Release -DCATKIN_INSTALL_INTO_PREFIX_ROOT=0 -DCMAKE_INSTALL_PREFIX=/home/adeye/adeye-core/install/adeye
[0.042s] [0mCMake Deprecation Warning at CMakeLists.txt:1 (cmake_minimum_required):
[0.042s]   Compatibility with CMake < 3.5 will be removed from a future version of
[0.042s]   CMake.
[0.043s] 
[0.043s]   Update the VERSION argument <min> value or use a ...<max> suffix to tell
[0.043s]   CMake that the project does not need compatibility with older versions.
[0.043s] 
[0.043s] [0m
[0.118s] -- The C compiler identification is GNU 5.4.0
[0.205s] -- The CXX compiler identification is GNU 5.4.0
[0.242s] -- Detecting C compiler ABI info
[0.343s] -- Detecting C compiler ABI info - done
[0.361s] -- Check for working C compiler: /usr/bin/cc - skipped
[0.361s] -- Detecting C compile features
[0.362s] -- Detecting C compile features - done
[0.382s] -- Detecting CXX compiler ABI info
[0.492s] -- Detecting CXX compiler ABI info - done
[0.510s] -- Check for working CXX compiler: /usr/bin/c++ - skipped
[0.511s] -- Detecting CXX compile features
[0.511s] -- Detecting CXX compile features - done
[0.522s] -- Using CATKIN_DEVEL_PREFIX: /home/adeye/adeye-core/build/adeye/devel
[0.522s] -- Using CMAKE_PREFIX_PATH: /home/adeye/adeye-core/install/adeye_utils;/home/adeye/AD-EYE_Core/autoware.ai/install/lattice_planner;/home/adeye/AD-EYE_Core/autoware.ai/install/waypoint_planner;/home/adeye/AD-EYE_Core/autoware.ai/install/waypoint_maker;/home/adeye/AD-EYE_Core/autoware.ai/install/way_planner;/home/adeye/AD-EYE_Core/autoware.ai/install/op_utilities;/home/adeye/AD-EYE_Core/autoware.ai/install/op_simulation_package;/home/adeye/AD-EYE_Core/autoware.ai/install/op_local_planner;/home/adeye/AD-EYE_Core/autoware.ai/install/op_global_planner;/home/adeye/AD-EYE_Core/autoware.ai/install/lidar_kf_contour_track;/home/adeye/AD-EYE_Core/autoware.ai/install/op_ros_helpers;/home/adeye/AD-EYE_Core/autoware.ai/install/lane_planner;/home/adeye/AD-EYE_Core/autoware.ai/install/ff_waypoint_follower;/home/adeye/AD-EYE_Core/autoware.ai/install/dp_planner;/home/adeye/AD-EYE_Core/autoware.ai/install/waypoint_follower;/home/adeye/AD-EYE_Core/autoware.ai/install/vision_ssd_detect;/home/adeye/AD-EYE_Core/autoware.ai/install/vision_segment_enet_detect;/home/adeye/AD-EYE_Core/autoware.ai/install/vision_lane_detect;/home/adeye/AD-EYE_Core/autoware.ai/install/vision_darknet_detect;/home/adeye/AD-EYE_Core/autoware.ai/install/vision_beyond_track;/home/adeye/AD-EYE_Core/autoware.ai/install/vehicle_socket;/home/adeye/AD-EYE_Core/autoware.ai/install/vehicle_model;/home/adeye/AD-EYE_Core/autoware.ai/install/vehicle_engage_panel;/home/adeye/AD-EYE_Core/autoware.ai/install/vehicle_description;/home/adeye/AD-EYE_Core/autoware.ai/install/trafficlight_recognizer;/home/adeye/AD-EYE_Core/autoware.ai/install/op_simu;/home/adeye/AD-EYE_Core/autoware.ai/install/op_planner;/home/adeye/AD-EYE_Core/autoware.ai/install/op_utility;/home/adeye/AD-EYE_Core/autoware.ai/install/lidar_euclidean_cluster_detect;/home/adeye/AD-EYE_Core/autoware.ai/install/vector_map_server;/home/adeye/AD-EYE_Core/autoware.ai/install/road_occupancy_processor;/home/adeye/AD-EYE_Core/autoware.ai/install/costmap_generator;/home/adeye/AD-EYE_Core/autoware.ai/install/object_map;/home/adeye/AD-EYE_Core/autoware.ai/install/naive_motion_predict;/home/adeye/AD-EYE_Core/autoware.ai/install/map_file;/home/adeye/AD-EYE_Core/autoware.ai/install/libvectormap;/home/adeye/AD-EYE_Core/autoware.ai/install/imm_ukf_pda_track;/home/adeye/AD-EYE_Core/autoware.ai/install/decision_maker;/home/adeye/AD-EYE_Core/autoware.ai/install/vector_map;/home/adeye/AD-EYE_Core/autoware.ai/install/vector_map_msgs;/home/adeye/AD-EYE_Core/autoware.ai/install/udon_socket;/home/adeye/AD-EYE_Core/autoware.ai/install/twist_generator;/home/adeye/AD-EYE_Core/autoware.ai/install/twist2odom;/home/adeye/AD-EYE_Core/autoware.ai/install/tablet_socket;/home/adeye/AD-EYE_Core/autoware.ai/install/runtime_manager;/home/adeye/AD-EYE_Core/autoware.ai/install/mqtt_socket;/home/adeye/AD-EYE_Core/autoware.ai/install/tablet_socket_msgs;/home/adeye/AD-EYE_Core/autoware.ai/install/state_machine_lib;/home/adeye/AD-EYE_Core/autoware.ai/install/sound_player;/home/adeye/AD-EYE_Core/autoware.ai/install/points2image;/home/adeye/AD-EYE_Core/autoware.ai/install/rosinterface;/home/adeye/AD-EYE_Core/autoware.ai/install/rosbag_controller;/home/adeye/AD-EYE_Core/autoware.ai/install/roi_object_filter;/home/adeye/AD-EYE_Core/autoware.ai/install/range_vision_fusion;/home/adeye/AD-EYE_Core/autoware.ai/install/pos_db;/home/adeye/AD-EYE_Core/autoware.ai/install/points_preprocessor;/home/adeye/AD-EYE_Core/autoware.ai/install/points_downsampler;/home/adeye/AD-EYE_Core/autoware.ai/install/pixel_cloud_fusion;/home/adeye/AD-EYE_Core/autoware.ai/install/lidar_localizer;/home/adeye/AD-EYE_Core/autoware.ai/install/pcl_omp_registration;/home/adeye/AD-EYE_Core/autoware.ai/install/pc2_downsampler;/home/adeye/AD-EYE_Core/autoware.ai/install/oculus_socket;/home/adeye/AD-EYE_Core/autoware.ai/install/obj_db;/home/adeye/AD-EYE_Core/autoware.ai/install/ndt_tku;/home/adeye/AD-EYE_Core/autoware.ai/install/ndt_gpu;/home/adeye/AD-EYE_Core/autoware.ai/install/ndt_cpu;/home/adeye/AD-EYE_Core/autoware.ai/install/multi_lidar_calibrator;/home/adeye/AD-EYE_Core/autoware.ai/install/marker_downsampler;/home/adeye/AD-EYE_Core/autoware.ai/install/map_tools;/home/adeye/AD-EYE_Core/autoware.ai/install/map_tf_generator;/home/adeye/AD-EYE_Core/autoware.ai/install/log_tools;/home/adeye/AD-EYE_Core/autoware.ai/install/lidar_shape_estimation;/home/adeye/AD-EYE_Core/autoware.ai/install/lidar_point_pillars;/home/adeye/AD-EYE_Core/autoware.ai/install/lidar_naive_l_shape_detect;/home/adeye/AD-EYE_Core/autoware.ai/install/lidar_fake_perception;/home/adeye/AD-EYE_Core/autoware.ai/install/lidar_apollo_cnn_seg_detect;/home/adeye/AD-EYE_Core/autoware.ai/install/kitti_launch;/home/adeye/AD-EYE_Core/autoware.ai/install/kitti_player;/home/adeye/AD-EYE_Core/autoware.ai/install/kitti_box_publisher;/home/adeye/AD-EYE_Core/autoware.ai/install/integrated_viewer;/home/adeye/AD-EYE_Core/autoware.ai/install/image_processor;/home/adeye/AD-EYE_Core/autoware.ai/install/graph_tools;/home/adeye/AD-EYE_Core/autoware.ai/install/gnss_localizer;/home/adeye/AD-EYE_Core/autoware.ai/install/gnss;/home/adeye/AD-EYE_Core/autoware.ai/install/glviewer;/home/adeye/AD-EYE_Core/autoware.ai/install/freespace_planner;/home/adeye/AD-EYE_Core/autoware.ai/install/fastvirtualscan;/home/adeye/AD-EYE_Core/autoware.ai/install/ekf_localizer;/home/adeye/AD-EYE_Core/autoware.ai/install/detected_objects_visualizer;/home/adeye/AD-EYE_Core/autoware.ai/install/decision_maker_panel;/home/adeye/AD-EYE_Core/autoware.ai/install/data_preprocessor;/home/adeye/AD-EYE_Core/autoware.ai/install/calibration_publisher;/home/adeye/AD-EYE_Core/autoware.ai/install/autoware_health_checker;/home/adeye/AD-EYE_Core/autoware.ai/install/autoware_system_msgs;/home/adeye/AD-EYE_Core/autoware.ai/install/autoware_rviz_plugins;/home/adeye/AD-EYE_Core/autoware.ai/install/autoware_connector;/home/adeye/AD-EYE_Core/autoware.ai/install/autoware_camera_lidar_calibrator;/home/adeye/AD-EYE_Core/autoware.ai/install/astar_search;/home/adeye/AD-EYE_Core/autoware.ai/install/amathutils_lib;/home/adeye/AD-EYE_Core/autoware.ai/install/autoware_msgs;/home/adeye/AD-EYE_Core/autoware.ai/install/autoware_map_msgs;/home/adeye/AD-EYE_Core/autoware.ai/install/autoware_launcher_rviz;/home/adeye/AD-EYE_Core/autoware.ai/install/autoware_launcher;/home/adeye/AD-EYE_Core/autoware.ai/install/autoware_lanelet2_msgs;/home/adeye/AD-EYE_Core/autoware.ai/install/autoware_external_msgs;/home/adeye/AD-EYE_Core/autoware.ai/install/autoware_config_msgs;/home/adeye/AD-EYE_Core/autoware.ai/install/autoware_can_msgs;/home/adeye/AD-EYE_Core/autoware.ai/install/autoware_build_flags;/home/adeye/AD-EYE_Core/autoware.ai/install/autoware_bag_tools;/home/adeye/AD-EYE_Core/AD-EYE/ROS_Packages/devel;/opt/ros/kinetic
[0.526s] -- This workspace overlays: /home/adeye/adeye-core/install/adeye_utils;/home/adeye/AD-EYE_Core/autoware.ai/install/lattice_planner;/home/adeye/AD-EYE_Core/autoware.ai/install/waypoint_planner;/home/adeye/AD-EYE_Core/autoware.ai/install/waypoint_maker;/home/adeye/AD-EYE_Core/autoware.ai/install/way_planner;/home/adeye/AD-EYE_Core/autoware.ai/install/op_utilities;/home/adeye/AD-EYE_Core/autoware.ai/install/op_simulation_package;/home/adeye/AD-EYE_Core/autoware.ai/install/op_local_planner;/home/adeye/AD-EYE_Core/autoware.ai/install/op_global_planner;/home/adeye/AD-EYE_Core/autoware.ai/install/lidar_kf_contour_track;/home/adeye/AD-EYE_Core/autoware.ai/install/op_ros_helpers;/home/adeye/AD-EYE_Core/autoware.ai/install/lane_planner;/home/adeye/AD-EYE_Core/autoware.ai/install/ff_waypoint_follower;/home/adeye/AD-EYE_Core/autoware.ai/install/dp_planner;/home/adeye/AD-EYE_Core/autoware.ai/install/waypoint_follower;/home/adeye/AD-EYE_Core/autoware.ai/install/vision_ssd_detect;/home/adeye/AD-EYE_Core/autoware.ai/install/vision_segment_enet_detect;/home/adeye/AD-EYE_Core/autoware.ai/install/vision_lane_detect;/home/adeye/AD-EYE_Core/autoware.ai/install/vision_darknet_detect;/home/adeye/AD-EYE_Core/autoware.ai/install/vision_beyond_track;/home/adeye/AD-EYE_Core/autoware.ai/install/vehicle_socket;/home/adeye/AD-EYE_Core/autoware.ai/install/vehicle_model;/home/adeye/AD-EYE_Core/autoware.ai/install/vehicle_engage_panel;/home/adeye/AD-EYE_Core/autoware.ai/install/vehicle_description;/home/adeye/AD-EYE_Core/autoware.ai/install/trafficlight_recognizer;/home/adeye/AD-EYE_Core/autoware.ai/install/op_simu;/home/adeye/AD-EYE_Core/autoware.ai/install/op_planner;/home/adeye/AD-EYE_Core/autoware.ai/install/op_utility;/home/adeye/AD-EYE_Core/autoware.ai/install/lidar_euclidean_cluster_detect;/home/adeye/AD-EYE_Core/autoware.ai/install/vector_map_server;/home/adeye/AD-EYE_Core/autoware.ai/install/road_occupancy_processor;/home/adeye/AD-EYE_Core/autoware.ai/install/costmap_generator;/home/adeye/AD-EYE_Core/autoware.ai/install/object_map;/home/adeye/AD-EYE_Core/autoware.ai/install/naive_motion_predict;/home/adeye/AD-EYE_Core/autoware.ai/install/map_file;/home/adeye/AD-EYE_Core/autoware.ai/install/libvectormap;/home/adeye/AD-EYE_Core/autoware.ai/install/imm_ukf_pda_track;/home/adeye/AD-EYE_Core/autoware.ai/install/decision_maker;/home/adeye/AD-EYE_Core/autoware.ai/install/vector_map;/home/adeye/AD-EYE_Core/autoware.ai/install/vector_map_msgs;/home/adeye/AD-EYE_Core/autoware.ai/install/udon_socket;/home/adeye/AD-EYE_Core/autoware.ai/install/twist_generator;/home/adeye/AD-EYE_Core/autoware.ai/install/twist2odom;/home/adeye/AD-EYE_Core/autoware.ai/install/tablet_socket;/home/adeye/AD-EYE_Core/autoware.ai/install/runtime_manager;/home/adeye/AD-EYE_Core/autoware.ai/install/mqtt_socket;/home/adeye/AD-EYE_Core/autoware.ai/install/tablet_socket_msgs;/home/adeye/AD-EYE_Core/autoware.ai/install/state_machine_lib;/home/adeye/AD-EYE_Core/autoware.ai/install/sound_player;/home/adeye/AD-EYE_Core/autoware.ai/install/points2image;/home/adeye/AD-EYE_Core/autoware.ai/install/rosinterface;/home/adeye/AD-EYE_Core/autoware.ai/install/rosbag_controller;/home/adeye/AD-EYE_Core/autoware.ai/install/roi_object_filter;/home/adeye/AD-EYE_Core/autoware.ai/install/range_vision_fusion;/home/adeye/AD-EYE_Core/autoware.ai/install/pos_db;/home/adeye/AD-EYE_Core/autoware.ai/install/points_preprocessor;/home/adeye/AD-EYE_Core/autoware.ai/install/points_downsampler;/home/adeye/AD-EYE_Core/autoware.ai/install/pixel_cloud_fusion;/home/adeye/AD-EYE_Core/autoware.ai/install/lidar_localizer;/home/adeye/AD-EYE_Core/autoware.ai/install/pcl_omp_registration;/home/adeye/AD-EYE_Core/autoware.ai/install/pc2_downsampler;/home/adeye/AD-EYE_Core/autoware.ai/install/oculus_socket;/home/adeye/AD-EYE_Core/autoware.ai/install/obj_db;/home/adeye/AD-EYE_Core/autoware.ai/install/ndt_tku;/home/adeye/AD-EYE_Core/autoware.ai/install/ndt_gpu;/home/adeye/AD-EYE_Core/autoware.ai/install/ndt_cpu;/home/adeye/AD-EYE_Core/autoware.ai/install/multi_lidar_calibrator;/home/adeye/AD-EYE_Core/autoware.ai/install/marker_downsampler;/home/adeye/AD-EYE_Core/autoware.ai/install/map_tools;/home/adeye/AD-EYE_Core/autoware.ai/install/map_tf_generator;/home/adeye/AD-EYE_Core/autoware.ai/install/log_tools;/home/adeye/AD-EYE_Core/autoware.ai/install/lidar_shape_estimation;/home/adeye/AD-EYE_Core/autoware.ai/install/lidar_point_pillars;/home/adeye/AD-EYE_Core/autoware.ai/install/lidar_naive_l_shape_detect;/home/adeye/AD-EYE_Core/autoware.ai/install/lidar_fake_perception;/home/adeye/AD-EYE_Core/autoware.ai/install/lidar_apollo_cnn_seg_detect;/home/adeye/AD-EYE_Core/autoware.ai/install/kitti_launch;/home/adeye/AD-EYE_Core/autoware.ai/install/kitti_player;/home/adeye/AD-EYE_Core/autoware.ai/install/kitti_box_publisher;/home/adeye/AD-EYE_Core/autoware.ai/install/integrated_viewer;/home/adeye/AD-EYE_Core/autoware.ai/install/image_processor;/home/adeye/AD-EYE_Core/autoware.ai/install/graph_tools;/home/adeye/AD-EYE_Core/autoware.ai/install/gnss_localizer;/home/adeye/AD-EYE_Core/autoware.ai/install/gnss;/home/adeye/AD-EYE_Core/autoware.ai/install/glviewer;/home/adeye/AD-EYE_Core/autoware.ai/install/freespace_planner;/home/adeye/AD-EYE_Core/autoware.ai/install/fastvirtualscan;/home/adeye/AD-EYE_Core/autoware.ai/install/ekf_localizer;/home/adeye/AD-EYE_Core/autoware.ai/install/detected_objects_visualizer;/home/adeye/AD-EYE_Core/autoware.ai/install/decision_maker_panel;/home/adeye/AD-EYE_Core/autoware.ai/install/data_preprocessor;/home/adeye/AD-EYE_Core/autoware.ai/install/calibration_publisher;/home/adeye/AD-EYE_Core/autoware.ai/install/autoware_health_checker;/home/adeye/AD-EYE_Core/autoware.ai/install/autoware_system_msgs;/home/adeye/AD-EYE_Core/autoware.ai/install/autoware_rviz_plugins;/home/adeye/AD-EYE_Core/autoware.ai/install/autoware_connector;/home/adeye/AD-EYE_Core/autoware.ai/install/autoware_camera_lidar_calibrator;/home/adeye/AD-EYE_Core/autoware.ai/install/astar_search;/home/adeye/AD-EYE_Core/autoware.ai/install/amathutils_lib;/home/adeye/AD-EYE_Core/autoware.ai/install/autoware_msgs;/home/adeye/AD-EYE_Core/autoware.ai/install/autoware_map_msgs;/home/adeye/AD-EYE_Core/autoware.ai/install/autoware_launcher_rviz;/home/adeye/AD-EYE_Core/autoware.ai/install/autoware_launcher;/home/adeye/AD-EYE_Core/autoware.ai/install/autoware_lanelet2_msgs;/home/adeye/AD-EYE_Core/autoware.ai/install/autoware_external_msgs;/home/adeye/AD-EYE_Core/autoware.ai/install/autoware_config_msgs;/home/adeye/AD-EYE_Core/autoware.ai/install/autoware_can_msgs;/home/adeye/AD-EYE_Core/autoware.ai/install/autoware_build_flags;/home/adeye/AD-EYE_Core/autoware.ai/install/autoware_bag_tools;/home/adeye/AD-EYE_Core/AD-EYE/ROS_Packages/devel;/opt/ros/kinetic
[0.531s] [33mCMake Warning (dev) at /opt/ros/kinetic/share/catkin/cmake/python.cmake:4 (find_package):
[0.531s]   Policy CMP0148 is not set: The FindPythonInterp and FindPythonLibs modules
[0.531s]   are removed.  Run "cmake --help-policy CMP0148" for policy details.  Use
[0.531s]   the cmake_policy command to set the policy and suppress this warning.
[0.531s] 
[0.532s] Call Stack (most recent call first):
[0.532s]   /opt/ros/kinetic/share/catkin/cmake/all.cmake:164 (include)
[0.532s]   /opt/ros/kinetic/share/catkin/cmake/catkinConfig.cmake:20 (include)
[0.532s]   CMakeLists.txt:7 (find_package)
[0.532s] This warning is for project developers.  Use -Wno-dev to suppress it.
[0.532s] [0m
[0.554s] -- Found PythonInterp: /usr/bin/python2 (found suitable version "2.7.12", minimum required is "2") 
[0.555s] -- Using PYTHON_EXECUTABLE: /usr/bin/python2
[0.555s] -- Using Debian Python package layout
[0.560s] -- Using empy: /usr/bin/empy
[0.725s] -- Using CATKIN_ENABLE_TESTING: ON
[0.725s] -- Call enable_testing()
[0.729s] -- Using CATKIN_TEST_RESULTS_DIR: /home/adeye/adeye-core/build/adeye/test_results
[0.815s] -- Found gtest sources under '/usr/src/gmock': gtests will be built
[0.817s] -- Found gmock sources under '/usr/src/gmock': gmock will be built
[0.818s] [0mCMake Deprecation Warning at /usr/src/gmock/CMakeLists.txt:41 (cmake_minimum_required):
[0.818s]   Compatibility with CMake < 3.5 will be removed from a future version of
[0.818s]   CMake.
[0.818s] 
[0.818s]   Update the VERSION argument <min> value or use a ...<max> suffix to tell
[0.819s]   CMake that the project does not need compatibility with older versions.
[0.819s] 
[0.819s] [0m
[0.819s] [0mCMake Deprecation Warning at /usr/src/gtest/CMakeLists.txt:43 (cmake_minimum_required):
[0.819s]   Compatibility with CMake < 3.5 will be removed from a future version of
[0.820s]   CMake.
[0.820s] 
[0.820s]   Update the VERSION argument <min> value or use a ...<max> suffix to tell
[0.820s]   CMake that the project does not need compatibility with older versions.
[0.820s] 
[0.821s] [0m
[0.821s] [33mCMake Warning (dev) at /usr/src/gtest/cmake/internal_utils.cmake:190 (find_package):
[0.821s]   Policy CMP0148 is not set: The FindPythonInterp and FindPythonLibs modules
[0.821s]   are removed.  Run "cmake --help-policy CMP0148" for policy details.  Use
[0.821s]   the cmake_policy command to set the policy and suppress this warning.
[0.821s] 
[0.822s] Call Stack (most recent call first):
[0.822s]   /usr/src/gtest/CMakeLists.txt:50 (include)
[0.822s] This warning is for project developers.  Use -Wno-dev to suppress it.
[0.822s] [0m
[0.837s] -- Found PythonInterp: /usr/bin/python2 (found version "2.7.12") 
[0.839s] -- Performing Test CMAKE_HAVE_LIBC_PTHREAD
[0.935s] -- Performing Test CMAKE_HAVE_LIBC_PTHREAD - Failed
[0.935s] -- Looking for pthread_create in pthreads
[1.014s] -- Looking for pthread_create in pthreads - not found
[1.015s] -- Looking for pthread_create in pthread
[1.103s] -- Looking for pthread_create in pthread - found
[1.105s] -- Found Threads: TRUE  
[1.116s] -- Using Python nosetests: /usr/bin/nosetests-2.7
[1.163s] -- catkin 0.7.29
[1.163s] -- BUILD_SHARED_LIBS is on
[1.669s] -- Using these message generators: gencpp;geneus;genlisp;gennodejs;genpy
[5.021s] -- Configuring done (5.0s)
[6.249s] -- Generating done (1.1s)
[6.321s] -- Build files have been written to: /home/adeye/adeye-core/build/adeye
[6.333s] Invoked command in '/home/adeye/adeye-core/build/adeye' returned '0': CMAKE_PREFIX_PATH=/home/adeye/adeye-core/install/adeye_utils:${CMAKE_PREFIX_PATH} LD_LIBRARY_PATH=/home/adeye/adeye-core/install/adeye_utils/lib:${LD_LIBRARY_PATH} PKG_CONFIG_PATH=/home/adeye/adeye-core/install/adeye_utils/lib/x86_64-linux-gnu/pkgconfig:/home/adeye/adeye-core/install/adeye_utils/lib/pkgconfig:${PKG_CONFIG_PATH} ROS_PACKAGE_PATH=/home/adeye/adeye-core/install/adeye_utils/share:${ROS_PACKAGE_PATH} _OLD_VIRTUAL_PS1=\[\e]0;\u@\h: \w\a\]${debian_chroot:+($debian_chroot)}\[\033[01;32m\]\u@\h\[\033[00m\]:\[\033[01;34m\]\w\[\033[00m\]\$ /usr/local/bin/cmake /home/adeye/adeye-core/AD-EYE/ROS_Packages/src/AD-EYE -DCMAKE_BUILD_TYPE=Release -DCATKIN_INSTALL_INTO_PREFIX_ROOT=0 -DCMAKE_INSTALL_PREFIX=/home/adeye/adeye-core/install/adeye
[6.336s] Invoking command in '/home/adeye/adeye-core/build/adeye': CMAKE_PREFIX_PATH=/home/adeye/adeye-core/install/adeye_utils:${CMAKE_PREFIX_PATH} LD_LIBRARY_PATH=/home/adeye/adeye-core/install/adeye_utils/lib:${LD_LIBRARY_PATH} PKG_CONFIG_PATH=/home/adeye/adeye-core/install/adeye_utils/lib/x86_64-linux-gnu/pkgconfig:/home/adeye/adeye-core/install/adeye_utils/lib/pkgconfig:${PKG_CONFIG_PATH} ROS_PACKAGE_PATH=/home/adeye/adeye-core/install/adeye_utils/share:${ROS_PACKAGE_PATH} _OLD_VIRTUAL_PS1=\[\e]0;\u@\h: \w\a\]${debian_chroot:+($debian_chroot)}\[\033[01;32m\]\u@\h\[\033[00m\]:\[\033[01;34m\]\w\[\033[00m\]\$ /usr/local/bin/cmake --build /home/adeye/adeye-core/build/adeye -- -j32 -l32
[6.410s] [  2%] [32mBuilding CXX object CMakeFiles/vectorMap.dir/src/vectormap.cpp.o[0m
[6.412s] [  4%] [32mBuilding CXX object CMakeFiles/experimentRecording.dir/src/experiment_recording.cpp.o[0m
[6.413s] [  6%] [32mBuilding CXX object CMakeFiles/PID.dir/src/PID.cpp.o[0m
[6.416s] [  6%] Built target std_srvs_generate_messages_py
[6.416s] [  6%] Built target topic_tools_generate_messages_cpp
[6.416s] [  6%] Built target topic_tools_generate_messages_nodejs
[6.416s] [  6%] Built target topic_tools_generate_messages_lisp
[6.417s] [  6%] Built target tf_generate_messages_eus
[6.417s] [  6%] Built target tf2_msgs_generate_messages_eus
[6.417s] [  6%] Built target tf_generate_messages_nodejs
[6.417s] [  6%] Built target tf_generate_messages_cpp
[6.418s] [  6%] Built target actionlib_generate_messages_eus
[6.418s] [  6%] Built target topic_tools_generate_messages_py
[6.419s] [  6%] Built target actionlib_generate_messages_lisp
[6.420s] [  6%] Built target topic_tools_generate_messages_eus
[6.420s] [  6%] Built target tf_generate_messages_py
[6.420s] [  6%] Built target actionlib_generate_messages_py
[6.420s] [  6%] Built target actionlib_generate_messages_cpp
[6.421s] [  6%] Built target tf2_msgs_generate_messages_cpp
[6.421s] [  6%] Built target tf_generate_messages_lisp
[6.421s] [  6%] Built target actionlib_generate_messages_nodejs
[6.422s] [  6%] Built target tf2_msgs_generate_messages_lisp
[6.422s] [  6%] Built target visualization_msgs_generate_messages_py
[6.422s] [  6%] Built target tf2_msgs_generate_messages_py
[6.423s] [  6%] Built target visualization_msgs_generate_messages_cpp
[6.423s] [  6%] Built target tf2_msgs_generate_messages_nodejs
[6.423s] [  6%] Built target visualization_msgs_generate_messages_eus
[6.423s] [  6%] Built target rcv_common_msgs_generate_messages_lisp
[6.423s] [  6%] Built target visualization_msgs_generate_messages_nodejs
[6.423s] [  6%] Built target rcv_common_msgs_generate_messages_eus
[6.423s] [  6%] Built target visualization_msgs_generate_messages_lisp
[6.424s] [  6%] Built target rcv_common_msgs_generate_messages_cpp
[6.443s] [  6%] Built target costmap_2d_generate_messages_py
[6.443s] [  6%] Built target costmap_2d_generate_messages_cpp
[6.443s] [  6%] Built target rcv_common_msgs_generate_messages_py
[6.444s] [  6%] Built target costmap_2d_generate_messages_eus
[6.445s] [  6%] Built target rcv_common_msgs_generate_messages_nodejs
[6.445s] [  6%] Built target costmap_2d_generate_messages_lisp
[6.446s] [  6%] Built target dynamic_reconfigure_generate_messages_cpp
[6.446s] [  6%] Built target costmap_2d_gencfg
[6.446s] [  6%] Built target dynamic_reconfigure_generate_messages_nodejs
[6.447s] [  6%] Built target dynamic_reconfigure_gencfg
[6.449s] [  6%] Built target costmap_2d_generate_messages_nodejs
[6.449s] [  6%] Built target pcl_ros_gencfg
[6.449s] [  6%] Built target map_msgs_generate_messages_eus
[6.450s] [  6%] Built target nodelet_generate_messages_lisp
[6.451s] [  6%] Built target nodelet_generate_messages_eus
[6.451s] [  6%] Built target dynamic_reconfigure_generate_messages_py
[6.452s] [  6%] Built target map_msgs_generate_messages_nodejs
[6.452s] [  6%] Built target dynamic_reconfigure_generate_messages_eus
[6.452s] [  6%] Built target dynamic_reconfigure_generate_messages_lisp
[6.452s] [  6%] Built target nodelet_generate_messages_py
[6.453s] [  6%] Built target nodelet_generate_messages_cpp
[6.453s] [  6%] Built target nodelet_generate_messages_nodejs
[6.453s] [  6%] Built target map_msgs_generate_messages_lisp
[6.454s] [  6%] Built target bond_generate_messages_nodejs
[6.454s] [  6%] Built target map_msgs_generate_messages_py
[6.454s] [  6%] Built target map_msgs_generate_messages_cpp
[6.455s] [  6%] Built target bond_generate_messages_eus
[6.457s] [  6%] Built target bond_generate_messages_lisp
[6.459s] [  6%] Built target bond_generate_messages_cpp
[6.470s] [  6%] Built target pcl_msgs_generate_messages_lisp
[6.473s] [  6%] Built target pcl_msgs_generate_messages_nodejs
[6.474s] [  6%] Built target pcl_msgs_generate_messages_py
[6.474s] [  6%] Built target bond_generate_messages_py
[6.477s] [  6%] Built target base_local_planner_generate_messages_py
[6.477s] [  6%] Built target autoware_msgs_generate_messages_cpp
[6.478s] [  6%] Built target pcl_msgs_generate_messages_cpp
[6.478s] [  6%] Built target nodelet_topic_tools_gencfg
[6.478s] [  6%] Built target base_local_planner_generate_messages_nodejs
[6.478s] [  6%] Built target base_local_planner_gencfg
[6.479s] [  6%] Built target base_local_planner_generate_messages_eus
[6.480s] [  6%] Built target autoware_msgs_generate_messages_eus
[6.480s] [  6%] Built target jsk_recognition_msgs_generate_messages_eus
[6.480s] [  6%] Built target pcl_msgs_generate_messages_eus
[6.480s] [  6%] Built target autoware_msgs_generate_messages_lisp
[6.483s] [  6%] Built target autoware_msgs_generate_messages_py
[6.483s] [  6%] Built target autoware_msgs_generate_messages_nodejs
[6.484s] [  6%] Built target jsk_recognition_msgs_generate_messages_nodejs
[6.484s] [  6%] Built target jsk_recognition_msgs_generate_messages_lisp
[6.484s] [  6%] Built target jsk_footstep_msgs_generate_messages_cpp
[6.484s] [  6%] Built target jsk_recognition_msgs_generate_messages_py
[6.485s] [  6%] Built target base_local_planner_generate_messages_lisp
[6.485s] [  6%] Built target jsk_footstep_msgs_generate_messages_py
[6.485s] [  6%] Built target jsk_recognition_msgs_generate_messages_cpp
[6.486s] [  6%] Built target vector_map_msgs_generate_messages_cpp
[6.486s] [  6%] Built target jsk_footstep_msgs_generate_messages_eus
[6.487s] [  6%] Built target jsk_footstep_msgs_generate_messages_nodejs
[6.490s] [  6%] Built target base_local_planner_generate_messages_cpp
[6.492s] [  6%] Built target jsk_footstep_msgs_generate_messages_lisp
[6.505s] [  6%] Built target vector_map_msgs_generate_messages_py
[6.506s] [  6%] Built target vector_map_msgs_generate_messages_eus
[6.506s] [  6%] Built target vector_map_server_generate_messages_py
[6.506s] [  6%] Built target vector_map_server_generate_messages_cpp
[6.509s] [  6%] Built target autoware_config_msgs_generate_messages_lisp
[6.509s] [  6%] Built target vector_map_server_generate_messages_nodejs
[6.510s] [  6%] Built target vector_map_msgs_generate_messages_nodejs
[6.510s] [  6%] Built target vector_map_server_generate_messages_lisp
[6.510s] [  6%] Built target autoware_config_msgs_generate_messages_nodejs
[6.510s] [  6%] Built target tablet_socket_msgs_generate_messages_cpp
[6.511s] [  6%] Built target tablet_socket_msgs_generate_messages_eus
[6.513s] [  6%] Built target autoware_config_msgs_generate_messages_cpp
[6.513s] [  6%] Built target tablet_socket_msgs_generate_messages_nodejs
[6.513s] [  6%] Built target gazebo_msgs_generate_messages_eus
[6.513s] [  6%] Built target vector_map_server_generate_messages_eus
[6.514s] [  6%] Built target tablet_socket_msgs_generate_messages_py
[6.514s] [  6%] Built target vector_map_msgs_generate_messages_lisp
[6.514s] [  6%] Built target autoware_config_msgs_generate_messages_eus
[6.514s] [  6%] Built target autoware_config_msgs_generate_messages_py
[6.514s] [  6%] Built target autoware_system_msgs_generate_messages_cpp
[6.515s] [  6%] Built target autoware_system_msgs_generate_messages_eus
[6.516s] [  6%] Built target gazebo_msgs_generate_messages_cpp
[6.516s] [  6%] Built target autoware_system_msgs_generate_messages_lisp
[6.516s] [  6%] Built target gazebo_msgs_generate_messages_nodejs
[6.517s] [  6%] Built target autoware_system_msgs_generate_messages_py
[6.517s] [  6%] Built target tablet_socket_msgs_generate_messages_lisp
[6.517s] [  6%] Built target gazebo_msgs_generate_messages_lisp
[6.520s] [  6%] Built target autoware_system_msgs_generate_messages_nodejs
[6.521s] [  6%] Built target gazebo_msgs_generate_messages_py
[6.535s] [  6%] Built target trajectory_msgs_generate_messages_nodejs
[6.536s] [  6%] Built target trajectory_msgs_generate_messages_eus
[6.536s] [  6%] Built target trajectory_msgs_generate_messages_lisp
[6.537s] [  6%] Built target trajectory_msgs_generate_messages_cpp
[6.537s] [  6%] Built target roscpp_generate_messages_cpp
[6.538s] [  6%] Built target rosgraph_msgs_generate_messages_cpp
[6.538s] [  6%] Built target roscpp_generate_messages_nodejs
[6.539s] [  6%] Built target roscpp_generate_messages_py
[6.540s] [  6%] Built target trajectory_msgs_generate_messages_py
[6.540s] [  6%] Built target std_msgs_generate_messages_py
[6.542s] [  6%] Built target roscpp_generate_messages_eus
[6.542s] [  6%] Built target rosgraph_msgs_generate_messages_lisp
[6.542s] [  6%] Built target rosgraph_msgs_generate_messages_nodejs
[6.543s] [  6%] Built target rosgraph_msgs_generate_messages_eus
[6.543s] [  6%] Built target roscpp_generate_messages_lisp
[6.544s] [  6%] Built target grid_map_msgs_generate_messages_cpp
[6.545s] [  6%] Built target geometry_msgs_generate_messages_eus
[6.545s] [  6%] Built target std_msgs_generate_messages_cpp
[6.545s] [  6%] Built target grid_map_msgs_generate_messages_py
[6.545s] [  6%] Built target std_msgs_generate_messages_nodejs
[6.546s] [  6%] Built target grid_map_msgs_generate_messages_lisp
[6.547s] [  6%] Built target rosgraph_msgs_generate_messages_py
[6.547s] [  6%] Built target grid_map_msgs_generate_messages_eus
[6.547s] [  6%] Built target grid_map_msgs_generate_messages_nodejs
[6.548s] [  6%] Built target std_msgs_generate_messages_eus
[6.549s] [  6%] Built target std_msgs_generate_messages_lisp
[6.552s] [  6%] Built target geometry_msgs_generate_messages_nodejs
[6.553s] [  6%] Built target geometry_msgs_generate_messages_cpp
[6.557s] [  6%] Built target geometry_msgs_generate_messages_lisp
[6.561s] [  6%] Built target geometry_msgs_generate_messages_py
[6.563s] [  6%] Built target sensor_msgs_generate_messages_eus
[6.563s] [  6%] Built target sensor_msgs_generate_messages_lisp
[6.563s] [  6%] Built target nav_msgs_generate_messages_eus
[6.564s] [  6%] Built target nav_msgs_generate_messages_cpp
[6.566s] [  6%] Built target nav_msgs_generate_messages_lisp
[6.566s] [  6%] Built target nav_msgs_generate_messages_nodejs
[6.566s] [  6%] Built target nav_msgs_generate_messages_py
[6.566s] [  6%] Built target sensor_msgs_generate_messages_cpp
[6.569s] [  6%] Built target sensor_msgs_generate_messages_py
[6.570s] [  6%] Built target actionlib_msgs_generate_messages_lisp
[6.570s] [  6%] Built target std_srvs_generate_messages_lisp
[6.570s] [  6%] Built target actionlib_msgs_generate_messages_eus
[6.571s] [  6%] Built target actionlib_msgs_generate_messages_cpp
[6.572s] [  6%] Built target std_srvs_generate_messages_eus
[6.572s] [  6%] Built target sensor_msgs_generate_messages_nodejs
[6.572s] [  6%] Built target std_srvs_generate_messages_nodejs
[6.572s] [  6%] Built target actionlib_msgs_generate_messages_py
[6.572s] [  6%] Built target actionlib_msgs_generate_messages_nodejs
[6.573s] [  6%] Built target std_srvs_generate_messages_cpp
[6.573s] [  8%] [32mBuilding CXX object CMakeFiles/FloatToString.dir/src/floatToString.cpp.o[0m
[6.575s] [ 10%] [32mBuilding CXX object CMakeFiles/flattening.dir/src/flattening_node.cpp.o[0m
[6.576s] [ 12%] [32mBuilding CXX object CMakeFiles/SafetyFaultMonitors.dir/src/safety_fault_monitors/safety_fault_monitor.cpp.o[0m
[6.577s] [ 14%] [32mBuilding CXX object CMakeFiles/SafetyFaultMonitors.dir/src/safety_fault_monitors/geofencing_checker.cpp.o[0m
[6.577s] [ 18%] [32mBuilding CXX object CMakeFiles/SafetyFaultMonitors.dir/src/safety_fault_monitors/sensor_checker.cpp.o[0m
[6.577s] [ 18%] [32mBuilding CXX object CMakeFiles/SafetyFaultMonitors.dir/src/safety_fault_monitors/active_nodes_checker.cpp.o[0m
[6.578s] [ 20%] [32mBuilding CXX object CMakeFiles/SafetyFaultMonitors.dir/src/safety_fault_monitors/car_off_road_checker.cpp.o[0m
[6.580s] [ 22%] [32mBuilding CXX object CMakeFiles/SafetyFaultMonitors.dir/src/safety_fault_monitors/obstacles_in_critical_area_checker.cpp.o[0m
[6.598s] [ 24%] [32mBuilding CXX object CMakeFiles/collisionDetector.dir/src/collision_detector.cpp.o[0m
[6.599s] [ 26%] [32mBuilding CXX object CMakeFiles/cameraObjectListFuse.dir/src/camera_object_list_fuse.cpp.o[0m
[6.600s] [ 28%] [32mBuilding CXX object CMakeFiles/radar_broadcaster.dir/src/radar_broadcaster.cpp.o[0m
[6.600s] [ 30%] [32mBuilding CXX object CMakeFiles/safetyChannelPerception.dir/src/safety_channel_perception.cpp.o[0m
[6.601s] [ 32%] [32mBuilding CXX object CMakeFiles/objectsFrameAdapter.dir/src/objects_frame_adapter.cpp.o[0m
[6.601s] [ 34%] [32mBuilding CXX object CMakeFiles/goalSequencer.dir/src/goal_sequencer.cpp.o[0m
[6.602s] [ 36%] [32mBuilding CXX object CMakeFiles/sensorMonitor.dir/src/sensor_monitor.cpp.o[0m
[6.602s] [ 38%] [32mBuilding CXX object CMakeFiles/controlSwitch.dir/src/control_switch.cpp.o[0m
[6.603s] [ 40%] [32mBuilding CXX object CMakeFiles/lidarRadarFuse.dir/src/lidar_radar_fuse.cpp.o[0m
[6.604s] [ 42%] [32mBuilding CXX object CMakeFiles/goalViewer.dir/src/goal_viewer.cpp.o[0m
[6.605s] [ 44%] [32mBuilding CXX object CMakeFiles/laneMapImager.dir/src/lane_map_imager.cpp.o[0m
[6.991s] [ 46%] [32m[1mLinking CXX shared library devel/lib/libPID.so[0m
[7.060s] [ 46%] Built target PID
[7.088s] [ 48%] [32mBuilding CXX object CMakeFiles/vehicle_controller.dir/src/vehicle_controller.cpp.o[0m
[8.955s] [ 51%] [32m[1mLinking CXX shared library devel/lib/libexperimentRecording.so[0m
[9.082s] [ 51%] Built target experimentRecording
[9.097s] [ 53%] [32m[1mLinking CXX shared library devel/lib/libvectorMap.so[0m
[9.120s] [ 55%] [32mBuilding CXX object CMakeFiles/ExperimentC.dir/src/experimentC.cpp.o[0m
[9.218s] [ 55%] Built target vectorMap
[9.246s] [ 57%] [32mBuilding CXX object CMakeFiles/GridMapCreator.dir/src/grid_map_creator.cpp.o[0m
[9.935s] [ 59%] [32m[1mLinking CXX executable devel/lib/adeye/FloatToString[0m
[10.539s] [ 61%] [32m[1mLinking CXX executable devel/lib/adeye/vehicle_controller[0m
[10.779s] [ 63%] [32m[1mLinking CXX executable devel/lib/adeye/radar_broadcaster[0m
[11.245s] [ 63%] Built target FloatToString
[11.430s] [ 65%] [32m[1mLinking CXX executable devel/lib/adeye/cameraObjectListFuse[0m
[11.514s] [ 67%] [32m[1mLinking CXX executable devel/lib/adeye/goalViewer[0m
[11.524s] [ 67%] Built target vehicle_controller
[11.528s] [ 69%] [32m[1mLinking CXX executable devel/lib/adeye/goalSequencer[0m
[11.630s] [ 69%] Built target radar_broadcaster
[11.769s] [ 71%] [32m[1mLinking CXX executable devel/lib/adeye/lidarRadarFuse[0m
[11.808s] [ 73%] [32m[1mLinking CXX executable devel/lib/adeye/laneMapImager[0m
[11.876s] [ 75%] [32m[1mLinking CXX executable devel/lib/adeye/sensorMonitor[0m
[11.989s] [ 77%] [32m[1mLinking CXX executable devel/lib/adeye/collisionDetector[0m
[12.029s] [ 77%] Built target cameraObjectListFuse
[12.050s] [ 77%] Built target goalViewer
[12.129s] [ 77%] Built target goalSequencer
[12.266s] [ 77%] Built target lidarRadarFuse
[12.394s] [ 77%] Built target laneMapImager
[12.411s] [ 77%] Built target sensorMonitor
[12.431s] [ 79%] [32m[1mLinking CXX shared library devel/lib/libSafetyFaultMonitors.so[0m
[12.492s] [ 79%] Built target collisionDetector
[12.492s] [ 81%] [32m[1mLinking CXX executable devel/lib/adeye/flattening[0m
[12.638s] [ 83%] [32m[1mLinking CXX executable devel/lib/adeye/objectsFrameAdapter[0m
[12.836s] [ 83%] Built target SafetyFaultMonitors
[12.866s] [ 85%] [32mBuilding CXX object CMakeFiles/safetySupervisor.dir/src/safety_supervisor.cpp.o[0m
[12.867s] [ 87%] [32mBuilding CXX object CMakeFiles/TestFault.dir/src/safety_fault_monitors/fault_monitors_unit_tests.cpp.o[0m
[12.930s] [ 87%] Built target flattening
[13.057s] [ 87%] Built target objectsFrameAdapter
[13.157s] [ 89%] [32m[1mLinking CXX executable devel/lib/adeye/safetyChannelPerception[0m
[13.210s] [ 91%] [32m[1mLinking CXX executable devel/lib/adeye/controlSwitch[0m
[13.372s] [01m[K/home/adeye/adeye-core/AD-EYE/ROS_Packages/src/AD-EYE/src/experimentC.cpp:[m[K In member function ‘[01m[Kvirtual void ExperimentC::stopRecording()[m[K’:
[13.372s] [01m[K/home/adeye/adeye-core/AD-EYE/ROS_Packages/src/AD-EYE/src/experimentC.cpp:122:29:[m[K [01;35m[Kwarning: [m[Kignoring return value of ‘[01m[Kint system(const char*)[m[K’, declared with attribute warn_unused_result [-Wunused-result]
[13.372s]          system(char_command);
[13.372s] [01;32m[K                             ^[m[K
[13.373s] [01m[K/home/adeye/adeye-core/AD-EYE/ROS_Packages/src/AD-EYE/src/experimentC.cpp:126:55:[m[K [01;35m[Kwarning: [m[Kignoring return value of ‘[01m[Kint system(const char*)[m[K’, declared with attribute warn_unused_result [-Wunused-result]
[13.373s]          system("rosnode kill /expC_rosbag_recorder &");
[13.373s] [01;32m[K                                                       ^[m[K
[13.652s] [ 91%] Built target safetyChannelPerception
[13.706s] In file included from [01m[K/home/adeye/AD-EYE_Core/autoware.ai/install/op_planner/include/op_planner/RoadNetwork.h:14:0[m[K,
[13.706s]                  from [01m[K/home/adeye/AD-EYE_Core/autoware.ai/install/op_planner/include/op_planner/PlannerH.h:12[m[K,
[13.707s]                  from [01m[K/home/adeye/adeye-core/AD-EYE/ROS_Packages/src/AD-EYE/src/safety_supervisor.cpp:19[m[K:
[13.707s] [01m[K/home/adeye/AD-EYE_Core/autoware.ai/install/op_utility/include/op_utility/UtilityH.h:21:0:[m[K [01;35m[Kwarning: [m[K"MIN" redefined
[13.707s]  #define MIN(x,y) (x <= y ? x : y)
[13.707s] [01;32m[K ^[m[K
[13.707s] In file included from [01m[K/opt/ros/kinetic/include/opencv-3.3.1-dev/opencv2/core.hpp:52:0[m[K,
[13.708s]                  from [01m[K/opt/ros/kinetic/include/opencv-3.3.1-dev/opencv2/core/core.hpp:48[m[K,
[13.708s]                  from [01m[K/opt/ros/kinetic/include/cv_bridge/cv_bridge.h:43[m[K,
[13.708s]                  from [01m[K/opt/ros/kinetic/include/grid_map_ros/GridMapRosConverter.hpp:28[m[K,
[13.708s]                  from [01m[K/opt/ros/kinetic/include/grid_map_ros/grid_map_ros.hpp:13[m[K,
[13.708s]                  from [01m[K/home/adeye/adeye-core/AD-EYE/ROS_Packages/src/AD-EYE/src/safety_supervisor.cpp:4[m[K:
[13.708s] [01m[K/opt/ros/kinetic/include/opencv-3.3.1-dev/opencv2/core/cvdef.h:325:0:[m[K [01;36m[Knote: [m[Kthis is the location of the previous definition
[13.709s]  #  define MIN(a,b)  ((a) > (b) ? (b) : (a))
[13.709s] [01;32m[K ^[m[K
[13.709s] In file included from [01m[K/home/adeye/AD-EYE_Core/autoware.ai/install/op_planner/include/op_planner/RoadNetwork.h:14:0[m[K,
[13.709s]                  from [01m[K/home/adeye/AD-EYE_Core/autoware.ai/install/op_planner/include/op_planner/PlannerH.h:12[m[K,
[13.709s]                  from [01m[K/home/adeye/adeye-core/AD-EYE/ROS_Packages/src/AD-EYE/src/safety_supervisor.cpp:19[m[K:
[13.709s] [01m[K/home/adeye/AD-EYE_Core/autoware.ai/install/op_utility/include/op_utility/UtilityH.h:22:0:[m[K [01;35m[Kwarning: [m[K"MAX" redefined
[13.710s]  #define MAX(x,y) (x >= y ? x : y)
[13.710s] [01;32m[K ^[m[K
[13.710s] In file included from [01m[K/opt/ros/kinetic/include/opencv-3.3.1-dev/opencv2/core.hpp:52:0[m[K,
[13.710s]                  from [01m[K/opt/ros/kinetic/include/opencv-3.3.1-dev/opencv2/core/core.hpp:48[m[K,
[13.710s]                  from [01m[K/opt/ros/kinetic/include/cv_bridge/cv_bridge.h:43[m[K,
[13.710s]                  from [01m[K/opt/ros/kinetic/include/grid_map_ros/GridMapRosConverter.hpp:28[m[K,
[13.711s]                  from [01m[K/opt/ros/kinetic/include/grid_map_ros/grid_map_ros.hpp:13[m[K,
[13.711s]                  from [01m[K/home/adeye/adeye-core/AD-EYE/ROS_Packages/src/AD-EYE/src/safety_supervisor.cpp:4[m[K:
[13.711s] [01m[K/opt/ros/kinetic/include/opencv-3.3.1-dev/opencv2/core/cvdef.h:329:0:[m[K [01;36m[Knote: [m[Kthis is the location of the previous definition
[13.711s]  #  define MAX(a,b)  ((a) < (b) ? (b) : (a))
[13.711s] [01;32m[K ^[m[K
[13.712s] [ 91%] Built target controlSwitch
[14.037s] [ 93%] [32m[1mLinking CXX executable devel/lib/adeye/ExperimentC[0m
[14.359s] [ 93%] Built target ExperimentC
[16.347s] [ 95%] [32m[1mLinking CXX executable devel/lib/adeye/TestFault[0m
[16.777s] [ 97%] [32m[1mLinking CXX executable devel/lib/adeye/GridMapCreator[0m
[17.143s] [ 97%] Built target TestFault
[17.187s] [ 97%] Built target GridMapCreator
[22.085s] [100%] [32m[1mLinking CXX executable devel/lib/adeye/safetySupervisor[0m
[22.734s] [100%] Built target safetySupervisor
[22.743s] Invoked command in '/home/adeye/adeye-core/build/adeye' returned '0': CMAKE_PREFIX_PATH=/home/adeye/adeye-core/install/adeye_utils:${CMAKE_PREFIX_PATH} LD_LIBRARY_PATH=/home/adeye/adeye-core/install/adeye_utils/lib:${LD_LIBRARY_PATH} PKG_CONFIG_PATH=/home/adeye/adeye-core/install/adeye_utils/lib/x86_64-linux-gnu/pkgconfig:/home/adeye/adeye-core/install/adeye_utils/lib/pkgconfig:${PKG_CONFIG_PATH} ROS_PACKAGE_PATH=/home/adeye/adeye-core/install/adeye_utils/share:${ROS_PACKAGE_PATH} _OLD_VIRTUAL_PS1=\[\e]0;\u@\h: \w\a\]${debian_chroot:+($debian_chroot)}\[\033[01;32m\]\u@\h\[\033[00m\]:\[\033[01;34m\]\w\[\033[00m\]\$ /usr/local/bin/cmake --build /home/adeye/adeye-core/build/adeye -- -j32 -l32
[22.749s] Invoking command in '/home/adeye/adeye-core/build/adeye': CMAKE_PREFIX_PATH=/home/adeye/adeye-core/install/adeye_utils:${CMAKE_PREFIX_PATH} LD_LIBRARY_PATH=/home/adeye/adeye-core/install/adeye_utils/lib:${LD_LIBRARY_PATH} PKG_CONFIG_PATH=/home/adeye/adeye-core/install/adeye_utils/lib/x86_64-linux-gnu/pkgconfig:/home/adeye/adeye-core/install/adeye_utils/lib/pkgconfig:${PKG_CONFIG_PATH} ROS_PACKAGE_PATH=/home/adeye/adeye-core/install/adeye_utils/share:${ROS_PACKAGE_PATH} _OLD_VIRTUAL_PS1=\[\e]0;\u@\h: \w\a\]${debian_chroot:+($debian_chroot)}\[\033[01;32m\]\u@\h\[\033[00m\]:\[\033[01;34m\]\w\[\033[00m\]\$ /usr/local/bin/cmake --build /home/adeye/adeye-core/build/adeye --target tests -- -j32 -l32
[22.889s] Built target tests
[22.898s] Invoked command in '/home/adeye/adeye-core/build/adeye' returned '0': CMAKE_PREFIX_PATH=/home/adeye/adeye-core/install/adeye_utils:${CMAKE_PREFIX_PATH} LD_LIBRARY_PATH=/home/adeye/adeye-core/install/adeye_utils/lib:${LD_LIBRARY_PATH} PKG_CONFIG_PATH=/home/adeye/adeye-core/install/adeye_utils/lib/x86_64-linux-gnu/pkgconfig:/home/adeye/adeye-core/install/adeye_utils/lib/pkgconfig:${PKG_CONFIG_PATH} ROS_PACKAGE_PATH=/home/adeye/adeye-core/install/adeye_utils/share:${ROS_PACKAGE_PATH} _OLD_VIRTUAL_PS1=\[\e]0;\u@\h: \w\a\]${debian_chroot:+($debian_chroot)}\[\033[01;32m\]\u@\h\[\033[00m\]:\[\033[01;34m\]\w\[\033[00m\]\$ /usr/local/bin/cmake --build /home/adeye/adeye-core/build/adeye --target tests -- -j32 -l32
[22.903s] Invoking command in '/home/adeye/adeye-core/build/adeye': CMAKE_PREFIX_PATH=/home/adeye/adeye-core/install/adeye_utils:${CMAKE_PREFIX_PATH} LD_LIBRARY_PATH=/home/adeye/adeye-core/install/adeye_utils/lib:${LD_LIBRARY_PATH} PKG_CONFIG_PATH=/home/adeye/adeye-core/install/adeye_utils/lib/x86_64-linux-gnu/pkgconfig:/home/adeye/adeye-core/install/adeye_utils/lib/pkgconfig:${PKG_CONFIG_PATH} ROS_PACKAGE_PATH=/home/adeye/adeye-core/install/adeye_utils/share:${ROS_PACKAGE_PATH} _OLD_VIRTUAL_PS1=\[\e]0;\u@\h: \w\a\]${debian_chroot:+($debian_chroot)}\[\033[01;32m\]\u@\h\[\033[00m\]:\[\033[01;34m\]\w\[\033[00m\]\$ /usr/local/bin/cmake --install /home/adeye/adeye-core/build/adeye
[22.911s] -- Install configuration: "Release"
[22.912s] -- Installing: /home/adeye/adeye-core/install/adeye/lib/pkgconfig/adeye.pc
[22.912s] -- Installing: /home/adeye/adeye-core/install/adeye/share/adeye/cmake/adeyeConfig.cmake
[22.913s] -- Installing: /home/adeye/adeye-core/install/adeye/share/adeye/cmake/adeyeConfig-version.cmake
[22.913s] -- Installing: /home/adeye/adeye-core/install/adeye/share/adeye/package.xml
[22.913s] -- Installing: /home/adeye/adeye-core/install/adeye/lib/adeye/GridMapCreator
[22.914s] -- Set runtime path of "/home/adeye/adeye-core/install/adeye/lib/adeye/GridMapCreator" to ""
[22.914s] -- Installing: /home/adeye/adeye-core/install/adeye/lib/adeye/flattening
[22.915s] -- Set runtime path of "/home/adeye/adeye-core/install/adeye/lib/adeye/flattening" to ""
[22.915s] -- Installing: /home/adeye/adeye-core/install/adeye/lib/adeye/controlSwitch
[22.916s] -- Set runtime path of "/home/adeye/adeye-core/install/adeye/lib/adeye/controlSwitch" to ""
[22.916s] -- Installing: /home/adeye/adeye-core/install/adeye/lib/adeye/safetySupervisor
[22.917s] -- Set runtime path of "/home/adeye/adeye-core/install/adeye/lib/adeye/safetySupervisor" to ""
[22.917s] -- Installing: /home/adeye/adeye-core/install/adeye/lib/adeye/collisionDetector
[22.917s] -- Set runtime path of "/home/adeye/adeye-core/install/adeye/lib/adeye/collisionDetector" to ""
[22.917s] -- Installing: /home/adeye/adeye-core/install/adeye/lib/adeye/radar_broadcaster
[22.918s] -- Set runtime path of "/home/adeye/adeye-core/install/adeye/lib/adeye/radar_broadcaster" to ""
[22.918s] -- Installing: /home/adeye/adeye-core/install/adeye/lib/adeye/objectsFrameAdapter
[22.918s] -- Set runtime path of "/home/adeye/adeye-core/install/adeye/lib/adeye/objectsFrameAdapter" to ""
[22.918s] -- Installing: /home/adeye/adeye-core/install/adeye/lib/adeye/cameraObjectListFuse
[22.918s] -- Set runtime path of "/home/adeye/adeye-core/install/adeye/lib/adeye/cameraObjectListFuse" to ""
[22.919s] -- Installing: /home/adeye/adeye-core/install/adeye/lib/adeye/lidarRadarFuse
[22.919s] -- Set runtime path of "/home/adeye/adeye-core/install/adeye/lib/adeye/lidarRadarFuse" to ""
[22.919s] -- Installing: /home/adeye/adeye-core/install/adeye/lib/adeye/safetyChannelPerception
[22.919s] -- Set runtime path of "/home/adeye/adeye-core/install/adeye/lib/adeye/safetyChannelPerception" to ""
[22.919s] -- Installing: /home/adeye/adeye-core/install/adeye/lib/adeye/ExperimentC
[22.920s] -- Set runtime path of "/home/adeye/adeye-core/install/adeye/lib/adeye/ExperimentC" to ""
[22.920s] -- Installing: /home/adeye/adeye-core/install/adeye/lib/adeye/camera_broadcaster.py
[22.920s] -- Installing: /home/adeye/adeye-core/install/adeye/lib/adeye/zed_driver.py
[22.922s] Invoked command in '/home/adeye/adeye-core/build/adeye' returned '0': CMAKE_PREFIX_PATH=/home/adeye/adeye-core/install/adeye_utils:${CMAKE_PREFIX_PATH} LD_LIBRARY_PATH=/home/adeye/adeye-core/install/adeye_utils/lib:${LD_LIBRARY_PATH} PKG_CONFIG_PATH=/home/adeye/adeye-core/install/adeye_utils/lib/x86_64-linux-gnu/pkgconfig:/home/adeye/adeye-core/install/adeye_utils/lib/pkgconfig:${PKG_CONFIG_PATH} ROS_PACKAGE_PATH=/home/adeye/adeye-core/install/adeye_utils/share:${ROS_PACKAGE_PATH} _OLD_VIRTUAL_PS1=\[\e]0;\u@\h: \w\a\]${debian_chroot:+($debian_chroot)}\[\033[01;32m\]\u@\h\[\033[00m\]:\[\033[01;34m\]\w\[\033[00m\]\$ /usr/local/bin/cmake --install /home/adeye/adeye-core/build/adeye
