[  0%] Built target tf_generate_messages_eus
[  0%] Built target std_msgs_generate_messages_cpp
[  0%] Built target rosgraph_msgs_generate_messages_py
[  0%] Built target rosgraph_msgs_generate_messages_cpp
[  0%] Built target std_msgs_generate_messages_eus
[  0%] Built target std_msgs_generate_messages_py
[  0%] Built target tf_generate_messages_cpp
[  0%] Built target nav_msgs_generate_messages_py
[  0%] Built target std_msgs_generate_messages_lisp
[  0%] Built target rosgraph_msgs_generate_messages_lisp
[  0%] Built target sensor_msgs_generate_messages_eus
[  0%] Built target sensor_msgs_generate_messages_nodejs
[  0%] Built target geometry_msgs_generate_messages_eus
[  0%] Built target rosgraph_msgs_generate_messages_nodejs
[  0%] Built target tf_generate_messages_py
[  0%] Built target tf_generate_messages_lisp
[  0%] Built target geometry_msgs_generate_messages_lisp
[  0%] Built target actionlib_generate_messages_cpp
[  0%] Built target rosgraph_msgs_generate_messages_eus
[  0%] Built target roscpp_generate_messages_nodejs
[  0%] Built target actionlib_generate_messages_eus
[  0%] Built target tf_generate_messages_nodejs
[  0%] Built target geometry_msgs_generate_messages_py
[  0%] Built target roscpp_generate_messages_py
[  0%] Built target geometry_msgs_generate_messages_nodejs
[  0%] Built target std_msgs_generate_messages_nodejs
[  0%] Built target sensor_msgs_generate_messages_cpp
[  0%] Built target sensor_msgs_generate_messages_py
[  0%] Built target geometry_msgs_generate_messages_cpp
[  0%] Built target sensor_msgs_generate_messages_lisp
[ 15%] Built target trajectoryVisualizer
[ 15%] Built target actionlib_generate_messages_nodejs
[ 15%] Built target actionlib_generate_messages_lisp
[ 15%] Built target actionlib_msgs_generate_messages_nodejs
[ 15%] Built target actionlib_generate_messages_py
[ 30%] Built target adeye_utils
[ 30%] Built target tf2_msgs_generate_messages_lisp
[ 30%] Built target actionlib_msgs_generate_messages_eus
[ 30%] Built target actionlib_msgs_generate_messages_lisp
[ 30%] Built target autoware_msgs_generate_messages_lisp
[ 30%] Built target tf2_msgs_generate_messages_eus
[ 30%] Built target actionlib_msgs_generate_messages_cpp
[ 30%] Built target jsk_recognition_msgs_generate_messages_eus
[ 30%] Built target tf2_msgs_generate_messages_nodejs
[ 30%] Built target autoware_msgs_generate_messages_eus
[ 30%] Built target tf2_msgs_generate_messages_cpp
[ 30%] Built target autoware_msgs_generate_messages_cpp
[ 30%] Built target autoware_msgs_generate_messages_py
[ 30%] Built target jsk_recognition_msgs_generate_messages_py
[ 30%] Built target autoware_msgs_generate_messages_nodejs
[ 30%] Built target pcl_msgs_generate_messages_eus
[ 30%] Built target tf2_msgs_generate_messages_py
[ 30%] Built target pcl_msgs_generate_messages_cpp
[ 30%] Built target actionlib_msgs_generate_messages_py
[ 30%] Built target pcl_msgs_generate_messages_nodejs
[ 30%] Built target pcl_msgs_generate_messages_lisp
[ 30%] Built target jsk_footstep_msgs_generate_messages_eus
[ 30%] Built target jsk_recognition_msgs_generate_messages_nodejs
[ 30%] Built target jsk_recognition_msgs_generate_messages_cpp
[ 30%] Built target jsk_recognition_msgs_generate_messages_lisp
[ 30%] Built target jsk_footstep_msgs_generate_messages_cpp
[ 30%] Built target pcl_msgs_generate_messages_py
[ 30%] Built target jsk_footstep_msgs_generate_messages_lisp
[ 30%] Built target dynamic_reconfigure_generate_messages_lisp
[ 30%] Built target jsk_footstep_msgs_generate_messages_py
[ 30%] Built target dynamic_reconfigure_generate_messages_eus
[ 30%] Built target bond_generate_messages_lisp
[ 30%] Built target dynamic_reconfigure_generate_messages_nodejs
[ 30%] Built target dynamic_reconfigure_generate_messages_py
[ 30%] Built target bond_generate_messages_eus
[ 30%] Built target pcl_ros_gencfg
[ 30%] Built target jsk_footstep_msgs_generate_messages_nodejs
[ 30%] Built target dynamic_reconfigure_gencfg
[ 30%] Built target nodelet_generate_messages_eus
[ 30%] Built target std_srvs_generate_messages_eus
[ 30%] Built target nodelet_generate_messages_cpp
[ 30%] Built target std_srvs_generate_messages_cpp
[ 30%] Built target nodelet_generate_messages_py
[ 30%] Built target nodelet_generate_messages_nodejs
[ 30%] Built target nodelet_generate_messages_lisp
[ 30%] Built target std_srvs_generate_messages_lisp
[ 30%] Built target dynamic_reconfigure_generate_messages_cpp
[ 30%] Built target nodelet_topic_tools_gencfg
[ 30%] Built target roscpp_generate_messages_cpp
[ 30%] Built target roscpp_generate_messages_eus
[ 30%] Built target roscpp_generate_messages_lisp
[ 30%] Built target bond_generate_messages_py
[ 30%] Built target std_srvs_generate_messages_nodejs
[ 30%] Built target std_srvs_generate_messages_py
[ 30%] Built target bond_generate_messages_nodejs
[ 30%] Built target bond_generate_messages_cpp
[ 30%] Built target topic_tools_generate_messages_lisp
[ 30%] Built target topic_tools_generate_messages_cpp
[ 30%] Built target topic_tools_generate_messages_eus
[ 30%] Built target topic_tools_generate_messages_nodejs
[ 30%] Built target topic_tools_generate_messages_py
[ 30%] Built target vector_map_msgs_generate_messages_cpp
[ 30%] Built target vector_map_msgs_generate_messages_py
[ 30%] Built target vector_map_msgs_generate_messages_nodejs
[ 30%] Built target vector_map_msgs_generate_messages_lisp
[ 30%] Built target vector_map_server_generate_messages_eus
[ 30%] Built target vector_map_msgs_generate_messages_eus
[ 30%] Built target vector_map_server_generate_messages_cpp
[ 30%] Built target vector_map_server_generate_messages_lisp
[ 30%] Built target autoware_config_msgs_generate_messages_cpp
[ 30%] Built target vector_map_server_generate_messages_py
[ 30%] Built target visualization_msgs_generate_messages_eus
[ 30%] Built target visualization_msgs_generate_messages_py
[ 30%] Built target vector_map_server_generate_messages_nodejs
[ 30%] Built target visualization_msgs_generate_messages_lisp
[ 30%] Built target tablet_socket_msgs_generate_messages_lisp
[ 30%] Built target autoware_config_msgs_generate_messages_lisp
[ 30%] Built target tablet_socket_msgs_generate_messages_cpp
[ 30%] Built target visualization_msgs_generate_messages_cpp
[ 30%] Built target autoware_config_msgs_generate_messages_eus
[ 30%] Built target tablet_socket_msgs_generate_messages_py
[ 30%] Built target tablet_socket_msgs_generate_messages_nodejs
[ 30%] Built target autoware_system_msgs_generate_messages_eus
[ 30%] Built target visualization_msgs_generate_messages_nodejs
[ 30%] Built target autoware_config_msgs_generate_messages_nodejs
[ 30%] Built target tablet_socket_msgs_generate_messages_eus
[ 30%] Built target autoware_system_msgs_generate_messages_lisp
[ 30%] Built target autoware_system_msgs_generate_messages_nodejs
[ 30%] Built target autoware_system_msgs_generate_messages_cpp
[ 30%] Built target autoware_system_msgs_generate_messages_py
[ 30%] Built target autoware_config_msgs_generate_messages_py
[ 30%] Built target gazebo_msgs_generate_messages_cpp
[ 30%] Built target gazebo_msgs_generate_messages_py
[ 30%] Built target gazebo_msgs_generate_messages_nodejs
[ 30%] Built target trajectory_msgs_generate_messages_nodejs
[ 30%] Built target gazebo_msgs_generate_messages_lisp
[ 30%] Built target trajectory_msgs_generate_messages_py
[ 30%] Built target grid_map_msgs_generate_messages_cpp
[ 30%] Built target grid_map_msgs_generate_messages_py
[ 30%] Built target trajectory_msgs_generate_messages_cpp
[ 30%] Built target nav_msgs_generate_messages_lisp
[ 30%] Built target grid_map_msgs_generate_messages_lisp
[ 30%] Built target gazebo_msgs_generate_messages_eus
[ 30%] Built target grid_map_msgs_generate_messages_eus
[ 30%] Built target nav_msgs_generate_messages_eus
[ 30%] Built target nav_msgs_generate_messages_cpp
[ 30%] Built target trajectory_msgs_generate_messages_eus
[ 30%] Built target trajectory_msgs_generate_messages_lisp
[ 30%] Built target nav_msgs_generate_messages_nodejs
[ 30%] Built target grid_map_msgs_generate_messages_nodejs
[ 46%] Built target pointCloudAccumulator
[ 61%] Built target layerVisualizer
[ 84%] Built target pointCloudToOccupancyGrid
[100%] Built target pointCloudFrameChanger
Built target tests
-- Install configuration: "Release"
-- Up-to-date: /home/adeye/adeye-core/install/adeye_utils/lib/pkgconfig/adeye_utils.pc
-- Up-to-date: /home/adeye/adeye-core/install/adeye_utils/share/adeye_utils/cmake/adeye_utilsConfig.cmake
-- Up-to-date: /home/adeye/adeye-core/install/adeye_utils/share/adeye_utils/cmake/adeye_utilsConfig-version.cmake
-- Up-to-date: /home/adeye/adeye-core/install/adeye_utils/share/adeye_utils/package.xml
-- Up-to-date: /home/adeye/adeye-core/install/adeye_utils/lib/adeye_utils/trajectoryVisualizer
-- Up-to-date: /home/adeye/adeye-core/install/adeye_utils/lib/adeye_utils/pointCloudFrameChanger
-- Up-to-date: /home/adeye/adeye-core/install/adeye_utils/lib/adeye_utils/pointCloudToOccupancyGrid
-- Up-to-date: /home/adeye/adeye-core/install/adeye_utils/lib/libadeye_utils.so
-- Up-to-date: /home/adeye/adeye-core/install/adeye_utils/include/adeye_utils
-- Up-to-date: /home/adeye/adeye-core/install/adeye_utils/include/adeye_utils/point_cloud_to_occupancy_grid.h
